[
could not convert string to float: '68.ARAraEO1JNrEm8tOCp7SHxucr85oRi0c2gOmLHoN39VSMLxG9KCNVN3fd4YtYigg3CaiWFtMbKJULz2n-eRWxF7oPO-ROydRmA054aDwnFhFgITcvzQs0WguWd7NZ3lzwHnNmpYX1wSauzdyfL3OS9ofDUT9XZiBG8Xo-xPoukTOSDyYVYjTr-gf58erdtCeOadl204M3QKz2FsJMHglD0yiTrVzbg36j3CgPwwm12IuZE1IsH9CmY1W9y1UX05HqAorwq-MoiuSnekXMC421nygWqLrMKp2yZG9L91759z4XzfHLUbCrVofZvnl4I44GYTPxNEZekU0zgoSumcG58v08HnCXGzIx55-nj00suEM1holbWigjSEo0GuUw6AlW4zj5bfmRqc4BDxGs3fZQ4DJVguvREvmOSSr2Z97CO08KS1q3UvYp4SSzmJx0YweEkCk5P9cH7Tp8vFpiBI0Qd06KJpUTM6yTqeRQpu75kqpOWJEEL-Ki8hXQ'
could not convert string to float: '68.ARCUwj1M27u8E9Tp6lh6bKKMscggPv4z3ze00XFcDMLGt8Lib750N3i2UB2YDLMGqBMRHGqtxsS2GZmillbDR6BjnMlc4kCkZC200-6NwtRpHwJJvnuXpt1HRrLXoNniOn2mdRhVaLHgjdON32liPBByyvm6MGAiTxZ1-Ee0Dd4X6RfcnbNWyzCj9hozxvRe3MtXfIg9ze36miLIKUT1w54PAIijw1v9n9j2DANuRUd3f9vMPttOtFRgXN18qH0CFp8trpur4qP813GuhHklWMweosE1X1fSYsMOviKajSPdo6NSHPdIYJlBeb12ridFSk48XrNa4W9q7PX1y9EQ'
could not convert string to float: 'K-R'
could not convert string to float: 'K-R'
could not convert string to float: '68.ARBjbuDtFMfFIwohwMi50cmNivgUvLV8th3Np-DzZJtwW7rZ4er5jdeQS0hHquA6Npj1oQxTXkL4tODEbNBRUMtQ3E3JwhzPUo07YNyXaz9GJoNwjp-Ng7uNV5FABcCvoiJ1Iv4gMAsbLh8biCVAM6GZ8Y7Gaw6lYNTsRenQdW7rXK6-JyXQiasqLUzHYRjUAkWloIPh1Jy2dJR9fl2mwb5fHxzr5-eSaMYv8Svp4urz8u940FNOfGFDtnpZGqsxpAOZjuMVCNLUkzUnBa-TgQCekwEl-vhh7gHvibKQWbWcCluF3wUQbt7dUl9J0f4yScsx50pDEbzt4SDxDB'
could not convert string to float: '-R'
could not convert string to float: '68.ARBoDJqhmetHwx5RAcHaKpDod6minnymSMzKOwEHYhbAM-bvMb--ewrpDCNFNqaPU5Vxvpn1agSp4cizPGSSWFfyKFzT7q09p7o3aiSvykvWOBL1Hvd13z44szL9GyUVYiTx401FHdx8CMcp1bUfNE0UiyLCFyZUwKRFVSw2SuyzDYWeL3ZSWJRzDH09NHIeLNPoZziUIHg6BwcNIHSPaYdYWWjmUlWDZ-S6QESNjAbkXT6-CQQTHeszb19LPJJgWdWVTbxfBskSwARG1pCaHN0fAR8HhAnst6Yc8Cpk4qzK5mLz94uCfs8MCgIHJu1bDFB21cGoTFIlMOsA'
could not convert string to float: 'scwshmo'
could not convert string to float: '68.ARD5DfxFYiPy15X58QN0i92WfiENA8Ats9lqs1kp1JKIyydSYgzA7xgMuWaBMLH2f1UkwgO975H4aM8I-lpr1FJd11wfKfKASq2DEIyLxHkQSBt8bCU3m1t4DzY-0su5VWxY56c7GgzMWVyWtglYwr2WOlB0SV64uGF2oVfHH62tClJvSADc0SR2uxjJnrvxaNuT9O-9RWAi57Iq-MeysN46ZmEElPhaKZOKXFji1tifuoCNRkDTJzIGKQ0cgbHzZEUGOQ3uNxQ6dpn-Qz10Oxkn-z2GnpGASjGCiTCi50uuNRQ6DcpTg3V-U0e5gWSqe39oqL3R5wMF3lpMRIA'
could not convert string to float: '2768916146569567ူ'
could not convert string to float: 'করোনা%20থেকে%20বাঁচতে%20আগামী%20এক%20বছরের%20জন্য%20২২%20জরুরি%20পরামর্শ%20দেবী%20শেঠির%20'
could not convert string to float: '68.ARBmDodw97KQQ-l1CDdegV5bcb4dMaJ1Vid2-th8HMAQMrBiJj8y-3oWithuUub1d0qCd-Jzf7r-wlGCGovd5c8dYviDIXtSyOtCZW9JQHeN7iVBDW0AafRMNScFRRZjaNgW-5aE33Gb7H0rBJ-4VJaFpf4YpVWS5-01ddBCMQFHyfCYPZwazyS6wyLUi4xUWALKtncumzvVcD3Ca-rL07fD7A5qVoelmpQYkcd3rnWTEtdUKjJ25eSWB6k9RIIPcdKH0cIqxlg1VOGoXhDI6aoOOz0QaripaBfIsudhtFCGdyvDtBOZfZTk2hINW0AtjjBDYiwLCf6fPW4'
could not convert string to float: '-R'
could not convert string to float: '-R'
could not convert string to float: 'fbl'
could not convert string to float: 'AZU-FQDd-aecblrQJJ67mt8s6vnURbCwF6kNuxGgCcnaQvYY48cNtO4j33J4kaHlX5PmHTORLiLsP7KMwotqy8hBctJLKterh3zuB5xVQCSSXLTIMH2f25jU1OsLNzraYyaVtgABuNBsxmJsZQf0XsVqoWVA1IUDJ7mmF42CSAQ'
could not convert string to float: '68.ARAIEC-jR2VXpkcBHEgIld0MybKzpHAABB5gc-Dc9XwMBN5CJKTpBLtK9wDYJUsVfaH36BSgUf8upPfP3JbjEAhTmu9JhXvvpfOzePuhIr5l2-WGYurhscNgRR56pguaRsDuSTGvJ6ki24FCV8cYApxC2-zvEJ0lxDotkPoAjexaVkpq-FZgKFULiQzW39FfL113WVl5fuXMGoXW-Lwgwv3Zd1C73ehLHRtLKD8PaUnVOz-v108SF2sasfs47wLNnOSBlMy6oDYMrRhjUJakWIZVIlG6mLyKSMTvMFkidyVXrUKg5Hxc60IchjRLbGGcK6tW5Qx5GDA3sVGdWJ9PXBOZIPNCtSH3p1lvKH6YP2fK267Gx-65l29Ud2cwFu8wrqBeSM5rrOGJrnrU5S2P72Z4rZue7i3DqnWv2mxP3zYozPybL7glyXBobrEN-tgpYPpyxoplgb2k6QKyHrapDy-F6jWzYaMY9xuUNXhs39mfJAKNyiGo2pkLSR'
could not convert string to float: '68.ARBr8SWYmTc6GZOR7Dd8CCaaZ91ejk-7Sy-CM8yfdIBqDcABLexZSbpGIr2zb3Ur6jg5tKFmI-OghQosh4lR45VWiu30avfvow-TBeodDjIOCg-XxWr5v8sB0CkLMwjUOztRV9hbPNoz4TEh86CRX1HaKcfrz8ZBjhLiBfo8e6G7LTdW7blIGey6Eu07tfmfKB4X7ueb1zY0hsnw9HoEAuouFDWM08W1HBFxWCG6Cg9WuFgGqaz0Qxl-Ai5wURi1uMliP-Asv0hF1U2gSuiACSLvkJGEUeBmXUqcMNOaNKulVVZUixBoZT8eHaYlc9qGSpYMPbjvYXGKwJoLOMyH82lDF'
could not convert string to float: '68.ARDhCv1lEya3k37M4uKOx5GcBgm5VCRt0RsoAnKJYtpd8Zs5CyJDY5X9iy9WwpKxASmZU9roYgGwRdHeFxtCnM2SKCMeKhIQeKzJEEGkRqaMiGCwQU-L5haLCVaaIqtsGDKKUUV4DfokWi6H-Lr729bmSTSO8ihWO5BIr4i9Jb0GaIhddcnnN1-u9sLEH6U1vMRs0c-JY02bDZYmza40-2IF9spJhr9E8QM63uj48MJ488Bz6HoPWJZmc7nEeJR8WUyov26qa-M0LN8dqdsag6otCaKdZb-d-tMy0AYmABGyT9TFUrBaRPT4aoiLyTEU8JeFo0NEdPVe7hGx6A'
could not convert string to float: 'AZWE20HdEFhjYfZUx9UdPWZmcPgW3TQwVMHAVkfC4J3Bw9z1UDm1qeoOnVRIP7LDfGwlXGTXjb2PHw0Jstfl6H7yLHjXtfwDRObfYdWrKuYE08E5iw446ZT-3tvl3ga4g'
could not convert string to float: 'AZXLKIw8kLID0aUemvpVr0nesr5Nh4a9vG7TqSZmn-BuE5rhoF-l64LJO-NTZrqYJW0E76iUqYiTN3d4wag-fvtYLyWvol8JcL5cEfAyLe8ODdriAPRdP5FfuuuL5a4bU'
could not convert string to float: '111606557205316/'
could not convert string to float: '3319685668060403S'
could not convert string to float: '68.ARBZiS-fGxAmhYEx04JNQrUbQjp5pe-OeEJIqI26wQ8uHLXOW6HpqBs1S7Sx18Lmxk4z38uN0LfTFx3ICfaWkceYHpG9yE3Zs2Z9zgUcGeYOu86o-TMUejLmNcoMEpSYLtbsMdzP94N-0vz1BsIc2CdB8Z3yx0mQ9vJD9DOX33A'
could not convert string to float: 'AZVMgzT048YrLsb7mGrc3hg76mfGVsiSbl1cEIQ4jl4A1-Cnjee704PsL81pYzKWOp7KMHhNbUWZ7FLhiMyhm2gqimBX9nbI3W3GhHR2fa9s8KsnNrz6Egoxz6a2V3cZU1W859HRRTmaRX3lwPA-KVnA9p3fXBSRQElBIL1EeHjWPyX5OkEi6tlUSM5KeELjaVmgGzwlnzedA6TtyHvd8I3UrAlDWoAQ584zeoA4HCTrbgge9ub7ErRuZVncQ0w'
could not convert string to float: 'AZXcqsRnk1RN2w72mFOUEQPSjw9j-SG9-4cnm59z9sjXXOU2nAqcjt11ihiRNtnlFcFEeBGkkVAe8781sQmd3nSB-H9j5vZvPeixHsDlF9YKH7r2dEhPcMD0sO6yxUG1zCiLbY-HkWMAetOEAt-dkqqlD4e6i7gfr9vC2eyysBA'
could not convert string to float: '10220398787093684/'
could not convert string to float: '68.ARA2wJ4zhdJ8HGybnmcD68trtlhVskWAwzfJI7HXu9XRrdfywkO5dpj0GSjBrPi-cutStWCRxj0Y5ofSTk-BzKV4BQ6zfPynXVE2ZvWeAx2hmhEvdUcpzm6nJIeBVFfmIfTO1NYGd73eeEIF1cwkil2A4kQDKSluvg935J8YLlBLIh97HEhvcjt87V8G8WY-SLmcdklV1sRsJZ3SwzeicCa7B4u1h6IZgiH8gV-Y8-Q9SmhrmCEAuPyfb-FcOZi2DugiIVfRQCQW7arq6lXalsUTVzpTcuZ-hMhMftSpDPAcjzi0ltOQOy0i9ffUbSH-w0FRWjNSEdGC8Eqg'
could not convert string to float: '10221725065786743/'
could not convert string to float: '68.ARA2wJ4zhdJ8HGybnmcD68trtlhVskWAwzfJI7HXu9XRrdfywkO5dpj0GSjBrPi-cutStWCRxj0Y5ofSTk-BzKV4BQ6zfPynXVE2ZvWeAx2hmhEvdUcpzm6nJIeBVFfmIfTO1NYGd73eeEIF1cwkil2A4kQDKSluvg935J8YLlBLIh97HEhvcjt87V8G8WY-SLmcdklV1sRsJZ3SwzeicCa7B4u1h6IZgiH8gV-Y8-Q9SmhrmCEAuPyfb-FcOZi2DugiIVfRQCQW7arq6lXalsUTVzpTcuZ-hMhMftSpDPAcjzi0ltOQOy0i9ffUbSH-w0FRWjNSEdGC8Eqg'
could not convert string to float: '2044085052529473/'
could not convert string to float: '1628019707452167:0'
could not convert string to float: 'n'
could not convert string to float: 'n'
could not convert string to float: 'H-R'
could not convert string to float: '-R'
could not convert string to float: '-R'
could not convert string to float: '-R'
could not convert string to float: '-R'
could not convert string to float: '68.ARADSFqj3gR02gPfiho9D5s3x7OdJTMm7fNdoZcYmi4eRdrsOYZEgU5cs-3Bsuq3WjERpXitwCTGFWWapQOF0eEqMukLuQZDFu73ayLcxAiS8mtt4FoWbau3SKm6RebvzNJr5Leqen2EJeaEkLu3iwVeUErlVQIjgozQHewngM2XoGWjZHQP6tKB-QibJFEAEN4Ism4B3jOzgIQOIDTv7WX-pueNYFUkg7MI5moxVJ1zQpkkyjen8cqrvxwTsiaRjrf635DM1wicR5SjnZSTOTFj1MNuEVFQZYlFWUZXWQMXCHkEKf9eAUBPfM3vQmi5ice3KAJoJr66lGReE'
could not convert string to float: '68.ARDZWYC7VdcfwpK-ydrUyP1bACNa8i2R2eyY2UgpJn2AYAsDlWItKAP8IWIgUCaqMtzYrPgj3D69jgg64fFGa6iU25uDslQ-aBEI7ddB94mHGETsFXGQ7ZIB-uBbug6C-72tOU5le8YH80ecvzXtVzEatDKsNaEzKcCbn6cgP91JG5cPo0IwaqYXcb2oXsJyfDoS5kdomvsjKJdCrtzmOBAV5y-SysVsvSduSgrht3CPA7qfYZEW3l8xED3UJnZSpU-U6B3DCEEkPQUXED3-xZtRM70Q4MNqNsEhii8BegAEWfO0Cy5bbSGdAJyeOxiMlOUH6g9VyunxdBc'
Total Errors: 41]