[
could not convert string to float: '68.ARBfKUzrLpIa5SCLs4XDDuKq57DJYnnbB3F7jiBFygwYxVPyJblQbbIjhoIkUn9VHc9VUui19Rd597NdBJVTA8yYlhjbTF61Lv7xMCOrA1RED9-8GeJK4kedJMiHFHPXWapZmVjKdjVfYMGgHSQhxOqlN2vDqzONOUihk2nrpfBE-aXQSlmgp74sSS6VrsOHAL03kxZQngQQPdkwtebG9ehYyqNW7liHNVxU8PkRQW1VPyvptkNQEbnnAELfAvXM'
could not convert string to float: '224730235538760/'
could not convert string to float: 'n'
could not convert string to float: '68.ARCzrN9e2TdF-r3aIw4wrxmmrTm1hfpkpPt3akQfS9tb9BLFfRN45wVbLrqdAkmhQPNEKwOZCyxGUcmexID50CfIfFhRw8lNi35MFXnfsHihyGUuOk4sMoW9qlMH99okaNhDVO2rmCoqBVR2iyJut2dajqXSzo8tAf030j-YYwKoTB9FSUKM4ToetJvel-Y0F3Zj5XwXFwUAeB5PMCR6gaBeGRqILUPK8m7Vp1uNfukgX6HqWkxeiScZukGZ6fm28i5fYV7vaZqwPE928IYEmcStuKTfdDAY7hqtbUOADC3I8yspdqcQyTkw8TT7z-fpGNaLl2T-MkXtiI28g'
could not convert string to float: '68.ARCGEsuUUROYadgi4GJx9YASEJS6J7gN7cAHHSDonQrXdCziKrQvTm27-8rhWXIkZetkOoR2qrkz4snQAP3JdJaJDxgwJpxVXwy832mxe97y8G0vrnShHFdk17shumVFARqlkdRXynrRs07tZofKFvMS2jHmcSU3uRspL7RLHObP9eMo0gymVaBrvQhQAhqwx5pm7weId3ccjv2GONDiFGyp2BFMSoE-VRifSRKgSBYDr6Bk7Vz4aQP7H8HSMSvkphr2z0xLO3d0H-GTE6eAKalexnSikb6498Ne-DHpx3iZi1FxDJjkg34fmNJujDsioD2zXNRXBhA'
could not convert string to float: 'ufi'
could not convert string to float: 'ufi'
could not convert string to float: '%D8%A7%D8%A8%D9%82%D9%88%20%D9%81%D9%8A%20%D8%A8%D9%8A%D9%88%D8%AA%D9%83%D9%85%20%D9%84%D8%A3%D8%AC%D9%84%20%20%D8%A7%D8%B7%D9%81%D8%A7%D9%84%D9%83%D9%85%20%D8%A7%D8%AE%D9%88%D8%AA%D9%83%D9%85%20%D8%A7%D9%85%D9%87%D8%A7%D8%AA%D9%83%D9%85%20%0A%20%20%20%D8%A7%D8%A8%D9%82%D9%88%20%D9%81%D9%8A%20%D8%A8%D9%8A%D9%88%D8%AA%D9%83%D9%85%20%D8%B1%D8%A8%D9%8A%20%D9%8A%D8%AD%D9%81%D8%B8%D9%83%D9%85%0A%20%D8%A7%D8%A8%D9%82%D9%88%20%D9%81%D9%8A%20%D8%A8%D9%8A%D9%88%D8%AA%D9%83%D9%85%20%20%D8%A7%D9%84%D9%85%D8%B4%D9%87%D8%AF%20%D8%A7%D9%83%D8%AB%D8%B1%20%D9%85%D9%86%20%D9%85%D8%B1%D8%B9%D8%A8%20%0A%20%D9%88%D8%A7%D9%84%D9%84%D9%87%20%D8%A5%D8%B9%D8%AA%D9%82%D8%AF%D8%AA%20%D8%A3%D9%86%D9%87%D8%A7%20%D9%86%D9%81%D8%A7%D9%8A%D8%A7%D8%AA%20%F0%9F%98%A5%0A%20%20%20%20%20%20%20%20%20%20%20%20%20%D8%A7%D9%84%D9%84%D9%87%D9%85%20%D8%A7%D8%AD%D9%81%D8%B8%D9%86%D8%A7%20%D9%85%D9%86%20%D9%83%D9%84%20%D8%A7%D9%84%D8%A7%D9%85%D8%B1%D8%A7%D8%B6%20%D9%88%D8%A7%D9%84%D8%A7%D9%88%D8%A8%D8%A6%D8%A9%0A%20%20%20%20%20%20%20%20%20%20%20%20%20%20%20%20%20%20%D8%A5%D8%A8%D9%82%D9%88%20%D9%81%D9%8A%20%D8%A8%D9%8A%D9%88%D8%AA%D9%83%D9%85'
could not convert string to float: '-R'
could not convert string to float: '-R'
could not convert string to float: '-R'
could not convert string to float: '-R'
could not convert string to float: '68.ARCN2W0SMjGiINkUjfCYUZdpxh47z-ykW6qgm8eqZOP2JAK7A9mPalQzNwhxCHIsU9ddPHd9ERQKFAhi5DCfbD-pf1fRlY46rarxINHPxlbrAi3Y9jtdlYXdfhGoe42ESvdnrNWiy2DQTdX0rfxrQ2G0a93Rcqa6RIxfZ-l4dQFuWpeGq8X6XCbsMkala3YAttl032FF8Z5CH4nfWnB6BmmZTCh1h4l0WsYmPBsL3sX9QaLzo13xXCRv53oHid6bbSsWBKwbr5NQnUprlnoe4kTXNjb50LvgsDpp-ow48ffeWWabUZsdrS00s9EMp3fGLBm1An8o8lahTly4TA'
could not convert string to float: 'pageinternal'
could not convert string to float: 'n'
could not convert string to float: '-R'
could not convert string to float: '68.ARAgjKC79TL55BOMXPybw68d9iNfaFWJpp-lDAaXL2hLj9DmXhCiKkwrKwGEx91iXqiH82WV94hovOrOQKnfx5xxP9WGSu8hkW8nA5eXVHCvmoZAlE2DNWZzIeVSxlrsloaBpb3KA5PHOyDAU6VDrp2ogyGlNXOFKZUHx8gRVv1SQMPYj7l0gB5wRPRcxHf6af5vh9VcgvOdrnq0dXNF2DSPf0rCcVirwGmYAHAT0XiX2KFJvtnZcTfQ9HYUN0SxfKvOP66B3Glnvp2pCqsO6NOfSJzJv0bWDj4V502rKEuPV2QEn2pL3FFV001mOHItom7itOScmU3nvHnx7kA'
could not convert string to float: '68.ARAgjKC79TL55BOMXPybw68d9iNfaFWJpp-lDAaXL2hLj9DmXhCiKkwrKwGEx91iXqiH82WV94hovOrOQKnfx5xxP9WGSu8hkW8nA5eXVHCvmoZAlE2DNWZzIeVSxlrsloaBpb3KA5PHOyDAU6VDrp2ogyGlNXOFKZUHx8gRVv1SQMPYj7l0gB5wRPRcxHf6af5vh9VcgvOdrnq0dXNF2DSPf0rCcVirwGmYAHAT0XiX2KFJvtnZcTfQ9HYUN0SxfKvOP66B3Glnvp2pCqsO6NOfSJzJv0bWDj4V502rKEuPV2QEn2pL3FFV001mOHItom7itOScmU3nvHnx7kA'
could not convert string to float: '68.ARAgjKC79TL55BOMXPybw68d9iNfaFWJpp-lDAaXL2hLj9DmXhCiKkwrKwGEx91iXqiH82WV94hovOrOQKnfx5xxP9WGSu8hkW8nA5eXVHCvmoZAlE2DNWZzIeVSxlrsloaBpb3KA5PHOyDAU6VDrp2ogyGlNXOFKZUHx8gRVv1SQMPYj7l0gB5wRPRcxHf6af5vh9VcgvOdrnq0dXNF2DSPf0rCcVirwGmYAHAT0XiX2KFJvtnZcTfQ9HYUN0SxfKvOP66B3Glnvp2pCqsO6NOfSJzJv0bWDj4V502rKEuPV2QEn2pL3FFV001mOHItom7itOScmU3nvHnx7kA'
could not convert string to float: '68.ARD43VIJk-Zi8yE9-Wu7b3i2WLR618dzCgOCRdSRfUwcC9RPdSUj9O2-iI3nWrt2Cs222-aUlyDN1EYx1caf-aAThqufBJRpgBZrMY0TC9Mt5TloLvytCHwKxmRr7nBhxUudjP5g4sZubqBACdx3iAZySNf0UjUEn-i6NyR2lIXnv0-KCsZkWnyqDSBnurSpUXAV4Pt2Bd0O-tHEBuUbaO45hceYxemNp3W5OazW6OK4cK8GTp95v5uHQiJGIUsO6pAZ3svczpSJeyDbJm0gp-bYJP0AMmKl-UXJegrUml0mNnIh54DyYEySLOMxAtJezBVvhgzd-5a4do1kYuaWbA'
could not convert string to float: '68.ARA0LPcqwBrtkyflCWQERMvrW-hF4gBRjN1XX5jeicI7gzmlN1iWYLN5r8rmpq3PdW-B3py-UwRS26sLjgO9rVc6O1ponP4NSGxJTnIaZw6-Zbkz3KVARhI3Z7FQed8X2I8yIopfOuS6OioApz1nEsj0DDSQyo6F0GrCq-yVn0ttCLf2x95uEzCYNgtwU2OBaUXc6hzNf6FV2Rtm3zsGfomCsbt7x364eLYWxzdFalqI3koYKNGvk2an1EqAkswiq3G8bvCBKJ0-8k3GWrArP8b-JUaTE2C24kAiT82acc-A4yzDUlE7DjgOOiRKgIxwgb8SkYlyBItt3cLSnkQ'
could not convert string to float: '-R'
could not convert string to float: '-R'
could not convert string to float: 'AZWl64mjvmwP137xrgxibfgzVfHF1hH2stdbs94jnpIqLlLKbT4ADNUzdwdUU-4cQaUeHawK6h-dF8PeKS8jJEY0fwC1RA3KOfil097AAgjpcg-oVgHHh0nQo7XUk7JGe50top-tbCWz7DnHl6pR7iwSTku79FBowGnYTOBA'
could not convert string to float: 'pageinternal'
could not convert string to float: '-R'
could not convert string to float: '68.ARB-bCShypKbcjefBb11pVRF8UyqKMdRfjqf3v13VPfliXDeBclfIRb80Lk-9kJTvHpaYGZvc978iylm0R9cTbsOvEb2SlsgyEWNDPaSV9A7hZah5jKP6mZj2FenYZ-jzneEH0tLXoGjuO-RZyV-XOX0tByByEeYUU48Ptz8BWpM5WDpURU3pFX-5FK57QTIDNxHUVxYO8UQdDKnhno532rUHfh2OeExRcCsUB3tRMkEBogI7l9jMVGWgYfTcYyG7oYrmYgoDmw-YtNGkvt97NzgERfPNZyPTX1L-71WiUsQYPvB1eN7UdXdYX-pFKMm0Mnm75dpcOYjgpFvQ'
could not convert string to float: 'its-people-dying-that-aint-never-died-before-mr-brown/108684335826798/'
could not convert string to float: 'ufi'
could not convert string to float: 'pageinternal'
could not convert string to float: 'pageinternal'
could not convert string to float: 'julian-urban-38-jaar-doctor-in-lombardije-nooit-in-mijn-donkerste-nachtmerries-h/10158033708993320/'
could not convert string to float: '10221828032120963:0'
could not convert string to float: '68.ARD-fQMs2jEvyF0d0JPaQSvxULhk-5wrFdqp-okrw3itZ8eAwFaj5fw9PA6KDRgCNMGPlkZIYxGqu1mQ56eHWSemC3wHCFovEDYXxAnCYJMkeFF0uNKgg5jLErgPoSQhVkA7sjdxn8dVsZ0wcjVj7xTdQoubdH9BPlsQBfQVPuosRlbINumBHmHfzDmY1xktq4uXdUGFVq24NzXZNZxJ-9tjK-zTG9G2A6F4WZcQ9gBnmXlYCKzicFiuNNxL2AqXf9hTVyiMsZ7uajl8L-qwhbd29cu0GiYi7nxjxQd8hWJXcOC8UJNm6cIkLpsY81xSa8jMpx--05JHYwqQ'
could not convert string to float: '-R'
could not convert string to float: '-R'
Total Errors: 36]