[
could not convert string to float: '68.ARDwg10duDhwOPqwE0GQZfiH75XHsM90yQDqrPtG2zwsxUguCFPO5Zyekp6mooB8ybtB7uBNi7q8buSi29eSJzQWispaTOCPnWbhVq5pckD8fINLwzg4WSOYhaOU51kDcHSRqS1E0NL5mQIkJU4eFvz5ER9dh1FPnc91TC8f0fhIxlE5V-ir8zAjLFxDr1Ge55TCS-uYSvXwJCcCIysGbfmmveXxx6H6om-i2kQg93b1EcHgKbX8pDQcmKHZCLqF0-1ow3Fo8mM8YzIJnfFYmbGPwB6K6Sgvp07l8UBHNRl-AgegfiYmch3j17OAG2LLwFxeY7Q'
could not convert string to float: '68.ARAzEg3Q17N1JWsWaKy7gJZwpy8v5SayVPBQVdW-Cj8VhXxfwEh2h-vKTL28vGK7-fgFNskT4EHJ29n1u3qxyeI1XG6SbwPBTx8NEt7m9YvbUFnVrjwn-oDzlOA6Wb6mN0M9NsW25AvPXPyfIsGNdeAxOi3jGW-DzfkSYiNr6DFYu7PnNKCIqsn7RvvHekUfWhD4IMajaui4nlv7dXORhrJ-QXfJzJ6SFgDz-eYfnTEguHuuKj-M5l8dWvqF9mfRq0G2PAY6Muw4RNln-ocOQzb8LMlQ4XV0gEuciQgVC7jcEUR9D4t2bB-Jr0wcxLfzQAsbi1midg0sXlqDZoojbP7L0-q72mQ41iaMd0Q8SnRzHXyrzhMW9lThZbO2qljD8xwz3PdqsgHeqCITb9JQoQ1wmpTs4Npw4c8wL2g5N6epRyAltgZjmUB5c6lGqzZYu7gDFFD05JS4CJqo8cZ7Cv94oLetaZpYeV2NXSCELhNSVkw'
could not convert string to float: '-R'
could not convert string to float: '-R'
could not convert string to float: 'n'
could not convert string to float: 'pageinternal'
could not convert string to float: 'pageinternal'
could not convert string to float: 'q-can-eating-garlic-help-prevent-infection-with-2019-ncova-garlic-is-a-healthy-f/2892982844080413/'
could not convert string to float: 'AZW2k4QbispUL9UYdVyq7Gm4ZVgVDHIGwd-lmgqv6aSn3almJeqrCAyIBLdgQwYgKEumnZyTYkCdFIcmKyJllV4iOz7N6xSET8jOgpgmxF-VP3Wgr2kvWJQ-Rlz8TTOyXCu2Tk-lf9VRcrZSiLx1h6p0sskyCbqcB2MK4HRyeGhzdFggFvWehLPYafNQogg'
could not convert string to float: 'AZXiQ7Qw-dOuucTrGXOv9ybdUo5TCbDBk1rVj0vrqtaRfH5h8G7wGbJ6gUBQ20a43lbZMXhwYXmHxjB9VNedYOl0JjqPcP-ONuo0hIKaBTDzzps849pvG66LNvEDwRdyuNEPU4F4fIFB3y8i7cUWbCkguX7110fYwdcQWWJw2VMmCy1Xlr8LwWvHjO7df6Em06sNvzjs1QrA7FudHY'
could not convert string to float: '10158521956060572/'
could not convert string to float: '68.ARBzi4uhqAhWTC9brZqWFhul7jqPO9H8J4hVa4cs12vD3exEyb5rkbrXQdQskvWN-98fx6qYDJe61KRNBsvsW0RPSJRpsEbS9yQtmrBRr7Ixo6eBgQqjlQjPXpzmro5Pnsv25FS5XiGkNLdlvGjdVKjPpwHzqHEwHVoRiHbmBrpZYX6JlCbMkqVQvjXwMuq1qTBQpdoS-gVqu-D-ahPGKmjvCdlnprS66PXwTzig4qs1x8E0bnhBrGSJEqbA-yXAodhqwc5x0p8A7nOIbyk4pY5F5sBdXQdT0XBTdbIq8gDjMVFWDJ57hlHcOObVf8sbd8WZOzJ4Yslg-2g'
could not convert string to float: '68.ARBm52ktsUhb241fWoASlvoHGI5iN83RSn47V8oTCUi5DfZKATMtaBiIxt4PqKiZprv4mB93WAKM-BB9FGOFYVBz3bsqwnhhbhGhp7KOlhCsNEFTUb96uAJexs0T1vC0LZLCAvKYjz45B-gxrvhylgKwJ4WcTKBAYQREQsSMvFhTEukvKjaaNXyZyA7C4jLzCkd9VNAJxs-VPghKOExxMApWzJ5I7Bqz3wND4uSeq5uCd0Fu0ndAb5KjuHgvXq80ZQEgdvfFEpAdGjw7Zrkg2hIL0Ghrnd1he037In3oi8bhlfhr-Cz3WVItYgENolRrl6sonkDbCvDPlWg'
could not convert string to float: '-R'
could not convert string to float: '68.ARCqYgJKdzAt4N4lIWpLlDG9EU7dJ0yw6ROyEJ1041gcHOpYeX2WUnui8isaxeCjre1yUe8zkLbg9mpraUo7wdIRc1N2OPsapwGRI-EVZ-O00bpYhZ8dyqu5WUrK99-x59u2ba99KcsdbPlbkg1kkr4Ce9UG8zppGf3mVeXoVGnSUjdFfv84ylxgacrSXnEjm1l3jNQscWuhMZ7Hf1xI5nQ6AEBo8X6QxNTrhjKIcZkeqAGbSsogSTGDSYvnkTe0gSCfFaiDQJlNsWj-KCEWCBgcitbgcM1MbqZnCJPPjiHX1sU8b95Ykh0a-hwYca6di34bR-FcgLia3w'
could not convert string to float: 'pageinternal'
could not convert string to float: '-R'
could not convert string to float: '-R'
could not convert string to float: 'pageinternal'
could not convert string to float: 'pageinternal'
could not convert string to float: '-R'
could not convert string to float: '10159087581265168/'
Total Errors: 22]