[
could not convert string to float: 'n'
could not convert string to float: '68.ARCfQv5Hd0F-NPYr8mRKE6qjqU6ZlbVwKIDbDlh4fePz1mYGc8rmKdzaVBXr91p2BNZkkltjra1vVDvKXbyWRLRSrouAhqrwUr8bUs4vS2cYZUwTrS9bYJ4Cr3DayCCNzh-3gXWITsfX3IMohovIPhYFEUS5lXyr1yRtCTkt'
could not convert string to float: '68.ARCLCwtbMO4s5BfbaZXyPD1hJ2VakazwzpozIr4BzkSd05cIw5xDEQpGLMdRmfT74uBc6gUuTZbSH01Q8XebO2Ag1u6ZbtxAPyNo5f3CPC-JyEiGLlyWG-wU6IUcbBEKLuYUSPyx3-DwtmcpFulrJnVmiJtcRP4GWvqbCtxRoS0WPzGOt7DgWkInZZfDnT4m5cVg-8o1lwMba'
could not convert string to float: '68.ARCTk3WIVOr8JLwaWCQrfZKl1h3kLIpuyKhf7qMgStSeJm3iIt-wUEtCE-YGymqwH4vmsHFWkTl5k-EhGcC5N77L1UEMT3Pb1kDOFqiZAc2BPBbc4-W1UjZUsiaNlFdF3ZK18PtRvM6NuUV3KHHZzsI2QYESo3Q99sxuZpnaImDqSP4TwO0mp2gWT0guysTUjI3boarxGqGpyl7Ow56DD1LXVN2Xwxun-sr0NAuGydn8vR1g7Yj097be10wWiSIxi0C3JS6KCa-EZUXKcIDuKiQEs4hzlFqp4r9w4dC0etlRvMLW5sGQUHLGz5C1gNyU38CWyjceCnr0QEKoC1Kk'
could not convert string to float: 'K-R'
could not convert string to float: '68.ARDqavoeAswJ9f73Ho9W8fooqCrDcorBvNImkdbhJSmQxGRRUQpvIKvJutDjA8F5KgaqdkBUSnia5ZpL0McZtftqcIGMUaWPXzhmWOUfb-MwTc6T1Sjj2NnsWWly5m3Kw5AaYojAlLCWk7N45aJ7IofuvXzL9fyyNqHpAP9kqV7rjCTdlTwm-UknvtFsWdgcQpxcr0PhHuWJoBJ5lbQ85wtbEPhilrcibASkTFtdLdiHc2uiteeXK2gPVzgDNVYY14u1BYUvcBiB4e-GxmM9EiHKj0dixqWv4-Z-kdM0RgJssd6P7WOsPzkyGCh8lw1CfrkAPL7RvlbhL8JjKohg'
could not convert string to float: '10222495054351920/'
could not convert string to float: '110643257286640/'
could not convert string to float: '968278910028190/'
could not convert string to float: '68.ARD0cRBOT8pqWCFKp8Z3JKoV0PsF3PewobgqBGU96bpCajcjiEFoaevr53WtlE5131jLBMJfz8ToFu5bzg-DLrNAa5p2ifVHuWoZcAiLHSZMNIfvE3qxmUrwUnx9GAvOZ889A0PaOLFNTwc7EIksaPyV64xMwDJbp4EUIL1-NWu3gM6TQLZYygKSxzH0MwoVoI5PKllOPMgVAYlCU-EoVTonkEihVcUMcwtcHBtGawCgQc0QREcJtq1n8YQMd64rkgqWUYPxMyIsxsn3i6BxLqWLqPIGq8DVL0D66sMWpdMfNZ4lQj8Km7c4iVepVT5ydVWzoX12Gh6veea5M8wEhdV'
could not convert string to float: '68.ARDnKa6Mr9sJoLCrvMCVFmxXbjJuU19MrcqNvtTCLotGHtk8jn7NyqSSDk-r5-ahX1rijFE8ia-YQyVFtUI5PLmyl80uAVq07AQHoijZupnMEmD1D1pfd534Cz-MuxNVPcI9OryMiZQzHWUPnYbY88OPX2MtGHTpIt9zUZ2xG0ud4mGOp4bdnse4bojRSzQ5XEw069reBfPO4RL58jcAf2HIMI5cQWM02pMPy0BLj9BbZe5pUGtOs-9LqKxFL1HEkCOHxMHWHy4LG1KbttWju7vuiNvxmqVhtl2U4CooqEYCrAAB4aAGIfLH-EYt4wMufK3-3VboWpBMyDtS16g'
could not convert string to float: '68.ARDnKa6Mr9sJoLCrvMCVFmxXbjJuU19MrcqNvtTCLotGHtk8jn7NyqSSDk-r5-ahX1rijFE8ia-YQyVFtUI5PLmyl80uAVq07AQHoijZupnMEmD1D1pfd534Cz-MuxNVPcI9OryMiZQzHWUPnYbY88OPX2MtGHTpIt9zUZ2xG0ud4mGOp4bdnse4bojRSzQ5XEw069reBfPO4RL58jcAf2HIMI5cQWM02pMPy0BLj9BbZe5pUGtOs-9LqKxFL1HEkCOHxMHWHy4LG1KbttWju7vuiNvxmqVhtl2U4CooqEYCrAAB4aAGIfLH-EYt4wMufK3-3VboWpBMyDtS16g'
could not convert string to float: '2650605971933136/'
could not convert string to float: '962509894207530/'
could not convert string to float: '143441870555737/'
could not convert string to float: '68.ARAJ5fB9IDrzY9rb2G6KxwM7Leo6refjGcXJMr72Ne8lCbHhXx1LvrZOXXqKPWsbMj6go-HGAdc-S38bSrgQeWT1V0AT3tszuDXuivNOuoeqAqX-0eAqdRjRKRGPHAkfBDk2pI1AwjiRLvbLimQhrEv3sGr8NFbmQzqeNisDzmYXMHvs6cRWbEg2yX5KGH63DsweOmydOoz8xiJUkbBFIQuAONG1hchRkLtRCzCdl8Rn2PW1NrtFH1d1R7IW64FNmHAoRd3Y3XWN7-WJbwb5TVCdUSxm0za4t6wElVjp1dNvfsceRWf9zepsuvps8PCD4w-BOyc2Uz1WXW3tCk'
could not convert string to float: '68.ARBco2M1GTAuw1lljCQsv5Rr-CqrqSzhJ6pwtVonqiJ-yvagaoAYxSJMCcEPWG7FM1LVoLUJbnJVhvjZzMji7yXyruT71-EdIBZShHtZ76P6jluqP604vXhX4bzlJWlIuboyipNbQqfiNsmA3NKSE7Da96gBPkgkPo33zzSx9lmIm6CBSXlY3OZsBfXfAL4jT3TQVSRm8aKJF-i9IFmtYMTBC5i5I-r7ZCnRB3dfCcgzGOpIbZW6p0fero5lj8hNswzYNQEv--lGxr757KWly90ubTf8aQC9wzwAgsoBR3UaDXCA9CQUQ0sMybTiA93nCf9F39wjdJqEnWD6MXQ'
could not convert string to float: '1399930470178404:0'
could not convert string to float: '68.ARDdXfxUWHDVzxiN37Qvqo0IcaW2s5B2YLcDNjhhQ9VKcNJWKEUwBQokv7fEo4KCGExfnXnC8iXfN1Hu6XRYKAv1EYqHWNpcqGaRWp1GEN0zxLtemTY5TgVDAIQzcYfSYOXrZIYsx-umLjBxH6OFPmHREicwweHmN-IC3Pb1Tejpz9enEGbPVYBbmNgOsycWO3TqNvDPnH2q1XTTqw3nlBxM4vOGqPcpmu2kvaokI3v4zMpujyrq8UnnVTMWcSliuaaldzl3lNTZj5U2vE7GPZPCHX-mqFhUY1OLLKLeCRIkrEJn8dl2eLvLZ9MdeFBj2OjOcvfdaQ7iRGHCaiwg'
could not convert string to float: '-R'
could not convert string to float: 'AZXYKzK-pXAJ2IMw92NzfUMz84G9xJpr6QWG5A0MMgumB7YkJUlw6KoDOfCOgh6YBsf7LJOPhy5tmjml3qAxQWQjnuR88anKfECculLP-Xatn5qOkBA5HIVQQEVBd7VmACe2zH7hkxFhC2XpQKla'
could not convert string to float: 'duterte-sa-marawi-binisita-ulit-ni-pres-duterte-ang-mga-sundalo-sa-marawi-matapo/987525671404187/'
could not convert string to float: '68.ARAO2HrIvvw2-X2KssgqT03SIX0rumtLJ00dJdxKERbN4Yh9t4nDqWnjGPj5I15S-hZGndJg-7WKIhnY46HYm5jxIpY986UChQYIXeZN7kGTRdRU9XRxbc2h1N9KajLUwnsN4LLV2XbOYkChgcmoFPWNlGu49rpYSDkHK-wgJxwBkorWJIobBydThRs5gOUKaaHgQAuqXsatTdf28OagjPOlZiZgdFeeIEk5T3B7U3RR4P6Y3w5rzgYDcLov2U1ixYkwhkZ6opXx-Ytirem4-Za7qsLfOa0R87vPI6ef0h30ZPm4vJogwJZzVZjODNDuvJ69wwbfmyCbT7g3cjw'
could not convert string to float: '68.ARCQJ3eMMevxVU2ubyovZ0PlKMLOHaVDr2tjzGT7YmS1wFj-2tyJrmXAuxjXDHOYCbMYdP5somHkr3qP2J0bL6jpqQtTBjANWMQOaa5U1kpje6tpR7dE8UK96bV9ON-pHgpuXvE7ZHdfF5aEVQtwASLQ8TBkW36KM4T7qN37D1w75x4MclIwn09wESf7EdoywTiOFy23ZPhyHjLeYpEZBe9drtMstchwXukArj0I345TNUUnfdw3w1JK8Xd4NzBIwBpgUaEATF5ISYzKDmuUJiAN0aA2an4NeNUtESDxV7Wr3A10mEZzcW-TXN7CTDWwbIexNUGTh-SO4nWw'
could not convert string to float: 'AZUhLgsWh3cYHpmYYJKv-yjh3o-QLMaqfzCQLxq8YL4mlzYTNRYo7OUvmpAvR8ApZZjWhjSMajaG0opqO1XHIbuXc8379AJjCYF3R-BrI22s07TtiIcyHBDU77Ll6-DYbA'
could not convert string to float: 'AZVCZBFFl9ZAYuj1LHweMd1b9Vl431Pwfvn39c3Hf5N4m7lstcnqK4tKwkAykscT2pDoTw8Kz82PmOtqFkZrakGewkoOGiR2IJWTu2Jg0AZtpdyYE0mQwehvy4m6bJHcgw'
could not convert string to float: 'AZVwoBT1rP5ZJygN4dhMXndktuH1v307KtscH13t5VZvjhdXtp7K-j6mufFqAufW85OTr9XNG5xRiyhtCeJieopwoHqIbSau-xfG9psq47pl1QIgJbiyTiEMgkZ2z8jw'
could not convert string to float: '-R'
could not convert string to float: '-R'
could not convert string to float: '-R'
could not convert string to float: '-R'
could not convert string to float: '-R'
could not convert string to float: '1399930470178404:0'
could not convert string to float: 'ufi'
could not convert string to float: 'ufi'
could not convert string to float: 'ufi'
could not convert string to float: 'ufi'
could not convert string to float: 'ufi'
could not convert string to float: 'ufi'
could not convert string to float: 'importantweve-been-made-aware-of-the-following-post-circulating-on-social-media-/2449767095051410/'
could not convert string to float: '211624736842572/'
could not convert string to float: 'mo'
could not convert string to float: 'AZXCKLCqLqmXy8bqNWQiGZxTgD5gVrXdpWZ-BpcSzwpZbxjT5dpbCDfye9lCnfb29Rts7YtEa1M2eQgDMhWhBmEFKrN4N33gKEptoJistj51TiGKazdivTmSqH4pOBwwg5k'
could not convert string to float: 'pageinternal'
could not convert string to float: '%E0%A4%95%E0%A5%8B%E0%A4%B0%E0%A5%8B%E0%A4%A8%E0%A4%BE%20%E0%A4%9C%E0%A4%BE%E0%A4%82%E0%A4%9A%20%E0%A4%AE%E0%A5%87%E0%A4%82%20%E0%A4%B8%E0%A4%B9%E0%A4%AF%E0%A5%8B%E0%A4%97%20%E0%A4%95%E0%A5%80%20%E0%A4%AC%E0%A4%9C%E0%A4%BE%E0%A4%8F%20%E0%A4%A1%E0%A4%BE%E0%A4%95%E0%A5%8D%E0%A4%9F%E0%A4%B0%E0%A5%8B%E0%A4%82%20%E0%A4%95%E0%A5%87%20%E0%A4%B8%E0%A4%BE%E0%A4%A5%20%E0%A4%AC%E0%A4%A6%E0%A4%A4%E0%A4%AE%E0%A5%80%E0%A4%9C%E0%A5%80%20%E0%A4%95%E0%A4%B0%E0%A4%A4%E0%A5%87%20%E0%A4%9C%E0%A4%BE%E0%A4%B9%E0%A4%BF%E0%A4%B2%20%E0%A4%9C%E0%A4%BF%E0%A4%B9%E0%A4%BE%E0%A4%A6%E0%A5%80%E0%A5%A4'
could not convert string to float: '68.ARDuJENj6P-ENcmXIXiu4jgoVLZFEE3NMAkEzXThKnx-rbiSmO1Taj0kyBCh9lYa2T9gmXaRSVnaJjiY11ZLh4dX3JQmgmCsMR037ciy6tIzohtRO65rfbVClR7l-OME3dP4E8qHjB0dTdU9H09RdW4J0LDNji-Dvx5-FF5z2e22vLIkJ69SxLNJPp3DqYtXjBr6bqhTHq39iTKozE4gRTMWFOgAEuHSIBMKEj7dghyz84oTwKNegxSCC5bIBMLOAuUvFzJaTiQilEqaBKKNvpi63Ry5l1Qgibxpi1cw-VpGYF41hmemItGaZeoqxw9miLQQPzdk2WXqCxuO2CBvOZQ'
could not convert string to float: '68.ARBzi4uhqAhWTC9brZqWFhul7jqPO9H8J4hVa4cs12vD3exEyb5rkbrXQdQskvWN-98fx6qYDJe61KRNBsvsW0RPSJRpsEbS9yQtmrBRr7Ixo6eBgQqjlQjPXpzmro5Pnsv25FS5XiGkNLdlvGjdVKjPpwHzqHEwHVoRiHbmBrpZYX6JlCbMkqVQvjXwMuq1qTBQpdoS-gVqu-D-ahPGKmjvCdlnprS66PXwTzig4qs1x8E0bnhBrGSJEqbA-yXAodhqwc5x0p8A7nOIbyk4pY5F5sBdXQdT0XBTdbIq8gDjMVFWDJ57hlHcOObVf8sbd8WZOzJ4Yslg-2g'
could not convert string to float: '848324518922360/'
could not convert string to float: '848324518922360/'
could not convert string to float: '898630627225082/'
could not convert string to float: '902333790188099/'
could not convert string to float: '867947303626748/'
Total Errors: 52]