[
could not convert string to float: '2994043577357971/'
could not convert string to float: '68.ARAIEC-jR2VXpkcBHEgIld0MybKzpHAABB5gc-Dc9XwMBN5CJKTpBLtK9wDYJUsVfaH36BSgUf8upPfP3JbjEAhTmu9JhXvvpfOzePuhIr5l2-WGYurhscNgRR56pguaRsDuSTGvJ6ki24FCV8cYApxC2-zvEJ0lxDotkPoAjexaVkpq-FZgKFULiQzW39FfL113WVl5fuXMGoXW-Lwgwv3Zd1C73ehLHRtLKD8PaUnVOz-v108SF2sasfs47wLNnOSBlMy6oDYMrRhjUJakWIZVIlG6mLyKSMTvMFkidyVXrUKg5Hxc60IchjRLbGGcK6tW5Qx5GDA3sVGdWJ9PXBOZIPNCtSH3p1lvKH6YP2fK267Gx-65l29Ud2cwFu8wrqBeSM5rrOGJrnrU5S2P72Z4rZue7i3DqnWv2mxP3zYozPybL7glyXBobrEN-tgpYPpyxoplgb2k6QKyHrapDy-F6jWzYaMY9xuUNXhs39mfJAKNyiGo2pkLSR'
could not convert string to float: '-R'
could not convert string to float: '1807730779364367/'
could not convert string to float: '2327307440904688/'
could not convert string to float: '2569073286531132/'
could not convert string to float: '3046815455352584/'
could not convert string to float: 'all-three-of-my-children-are-fully-vaccinated-vaccines-work-and-when-fewer-peopl/2585399605016954/'
could not convert string to float: '68.ARBsZm-Cq6LppDqgTef-YGbq8RyLnppxoqXxpUdSclYX98lFTuqpwQsh3sTAoIqYj8HoJgr0a0Kl5mjqUZnGyljY4ECox03luHFQPlJMaAHqefdbjaseAzhq2k9xGk6EHQV79ymQvp8Pz-sXGIez0NI3kKNav40Vw7jIhTmFoZBQzNf1GPpsMNKhyG9GzFzHM2augDcgSOCZnEnZ3rrQPvLkWJ87mIb6eUg1GnJkDVB8Qj5Q9Wa7Fu7QePymanXg2jh9L5hzdizmFTB6vURElopvkGdmRpyIu46HirSmocQqhhVgBU8r54gJXNza-7eoRtWeqFFfS2P5802pn4pA'
could not convert string to float: 'fbl'
could not convert string to float: '68.ARBtXaSxtzcHBXSpaeIjjn1qBU8M8LygWm4rXLk0oTXa9bwSr-CmLL60eM9Jc1hxEEOSZD-VfMXTxJATCGqhVerQcIhcpAjCnK-Z4plE7oghPiWFbv7cP-a-S0kxcUpIw1wI2L-JqaDdCfxnf7R0aXQXS8ERevGtcX0HC62rPhmxol1S2Cq-wFhHo5b9hJC3uGNFyyQ-KSy4GAHk0tPFRIQ6IJfNrSMxm3rvSHXNaAz2FmXoCxgQ6MV3-7Hn5FDunmmX660NEeT5R24H7bK7p4a-YwxhQQSx2MeBP3tPyY9VYAWaJiiGPzkpySMD4CvojHM2yM107184niTc'
could not convert string to float: '68.ARAjqTXBJsrDIx5vvOTZBNRfQ1i-3DuMFkejSTrWuCHPdVCHnbeRsWMRr3ykjSzRQ0YUszlOBHjG5j29hvnBxlmyUxLx6MwSHn83WFF7r-HrECTiEzEdkSM8CTMTdRjIiDYSnQDDrm7-RYfUj7e2fsI8KmyFvYOjPyst7czF7l-XovSpk0SNSaaWOMRnfebvp8ndEbI9qUUbD8XT5Euupqcp627jQGT4rEP-wLYhphq66IjRjK9sZW5iv2KLc7GmUdT-GU45j7Ky0qAanwYF-d3lJzDmWWvBhtcONiDLPMTcTUIZWLo7eiKjdQY1PMxlbatbtFai-w'
could not convert string to float: '10222932831247681%20'
could not convert string to float: '10220280539136500%20'
could not convert string to float: '10158175906165419%20'
could not convert string to float: '10158175906165419%20'
could not convert string to float: '-R'
could not convert string to float: 'n'
could not convert string to float: '68.ARBJ4dZO30SfDVX0T9MZLi4d5LlvQTdBAgVT04wfCodKQRPPIkXcaaySOAtvSSNQpLY2sekVRlKTDFEGKUj7gms4n2p7LxQUnmbhPmxcllkUjFzXR8rxDapqq-x7ntGBKGgtvVg1qiNXL88Q20eL4J-ERiIg2M3jPDkErm3eBEh8SeyVVwX2hsl0J3m-yCjquleO3J7iwVSrlZlxRO3VtIIrqVYQloQ9trWBuL2Y-sxF2jhs52ZoJRb8FCEnFGGO9sszju9Rw-Q0u4rWeqVeM0gGCBkaPZwegDq4y5CdPga2tGneYyosN-GECB17MCtgB7qHYKiCJrjpOPkAXxL94'
could not convert string to float: '68.ARDHQJbHV8C2r63bCgqrGmHjOpwXdNjtHzSt1-5krMjOUG7wN-y453nA3gjKU0OnugkQXSuZkXErahZYNjIrxcDM-9vAdYHU911PITqC6ga3TfC6vvdB1ZQ-iAS3R0lbs0cs6M66U4am-d1NJ085RjjQE8yzx2ea0ax14ofJ6xltI9dZKYs2t3A-ibGsJEippaEAZRYghYcVqJupHTI3iTF-GqsVrNGTEIDOJlF15mvQ8LQwVIBNDxLyxgd0dla6m3hlZeAXiuulvv4NNN0v807ivRXFi9W8ZCtA-k3n2652pGz8jtKTs7ZZHdsJlSPnjcB153rCQGq45P7go'
could not convert string to float: '-R'
could not convert string to float: '-R'
could not convert string to float: '68.ARD1mSumLIPNrRuwqW7227PmNtwJjb8y9VXtCkvrhwkn6nIUvbuSTlrTvl4gNK9IlRLMrbPm8yWFaWRvmZRkvr3uvnx0dE-6T7ubdpTeCpYkXTMaViL6aSUqUtOddBlV7ZyIfYyrbDMz33Osz9FoRRPvGdl4paY8ZWx4yiGRm1CIeK7otJ3xgNioLyfbrvF0NLiD2KLD9iMNCV4QcfD4fzA8RLBXKTeRVmyOHDe5kJYKL7IgZ-5bhI9-Br2Ag2RlMLCPXii7-uwmEgtZCjc7E4N5WjFUHKXIk-rg632Ntael83sA2C6IT4So6MWzXOu4yraKUs4q2c'
could not convert string to float: '-R'
could not convert string to float: 'K-R'
could not convert string to float: 'wear-a-mask-only-if-you-are-unwell-you-dont-need-to-wear-a-mask-if-you-are-well-/10158039303438686/'
could not convert string to float: '-R'
could not convert string to float: 'mo'
could not convert string to float: '-R'
could not convert string to float: 'AZWW4XyQFcy-oUjnC8rZXAyCll1y43nT6tJF8KDYuxTWi6z-rKODvMARU9mQGZr9teSkvN8hI6zxhCNX9SD6bpTANltJ5V2F6lHKSzhb5vKKkyNHaxfvJsSbmO-XLXrHyA'
could not convert string to float: '-R'
could not convert string to float: '3107025006015962/'
could not convert string to float: '3107025006015962/'
could not convert string to float: '68.ARDwg10duDhwOPqwE0GQZfiH75XHsM90yQDqrPtG2zwsxUguCFPO5Zyekp6mooB8ybtB7uBNi7q8buSi29eSJzQWispaTOCPnWbhVq5pckD8fINLwzg4WSOYhaOU51kDcHSRqS1E0NL5mQIkJU4eFvz5ER9dh1FPnc91TC8f0fhIxlE5V-ir8zAjLFxDr1Ge55TCS-uYSvXwJCcCIysGbfmmveXxx6H6om-i2kQg93b1EcHgKbX8pDQcmKHZCLqF0-1ow3Fo8mM8YzIJnfFYmbGPwB6K6Sgvp07l8UBHNRl-AgegfiYmch3j17OAG2LLwFxeY7Q'
could not convert string to float: '-R'
Total Errors: 35]