[
could not convert string to float: '68.ARCnJkbZTpb2M5XMJR3zaRR8qXOAuXqWW6YV5KVraQk1wY-6arVzcCQ2C6UT9XJ5mNJgnzs4dAKpjBmg8F6a2XAa3ZAZkVvUsa9o9WQTk4s5VR2y7t35h6cWDoaTOkNhazAb6f2zC6mR3gtBT6pUAHYKvx2LzvwEc2SwndRjf11XXLEuI9v5Wxi1ugmBLAOPreJiUJcZGhQkQIbzOwFIKaIjFjcCUyyN0UxvFYQ7nLBvlsiRvExAKnTSAJRI7wVCKoKymLUlHn8BlGNo6IziCIeBziULWUAadA12wDc6ZQdtfbsM7ZYDEsfnUOa7enZIoXclEwh-BGgQPkls'
could not convert string to float: '-R'
could not convert string to float: '-R'
could not convert string to float: '-R'
could not convert string to float: '68.ARB4U2BC7t89EFOiOFrMypzUdQJxpV9qnTXE5jxlSAIZJc3yTZrZ3av5r-SgDpORG8TMi-wjFhLvhkja7z4RW59K2lXa8lbTdbLIgMqMJBfGpHkyqC5BJiFFneGY9XtGYXezCC4lScumMAWObpycd4y2GVwcKiX3GZB5NXCHx-HaCDd1okUgdPWa62uxc7U0bs3y1VMrRI6dciKMDc81FBqW3gbGq2Qr8bZc9rVwQy2ciTu4Var2m9V7ooC6woceA4gQbcCheia-Kh3IKBIxQDP9p-i2On8qgBPFoow64faaJa0s-mxc4cf1xDCZp9QJTap3eolNxvfKR4qbLc8t37nZw'
could not convert string to float: '68.ARAwE1KwrMXEH4rg3Z2khZXR5VvtrwyolEmLlgcvS3Sy82PJbBsa5Te1nrYpaqntu82aWT4IzvMV4EvbULzQD3rfwrTYaOTeazaQSER4OIdgrVA8IASpWrGHBaIX8NCTkOyHif53pgRZeifsrNZG4AlmBzDgXavYf7rGPAqFMfDFkzo2xEkwVmcdA3wESKzU3rjKNV-toCmH0ZOOKwbQbLkM0QdCcsZo0hqdDaCvkx6ihUftKz5siCqP-4MmAUAn95aqtUmZYbwWsO4CtgoGdADS3BaVQg3IuJSil10X0eGIGD5oc7p9HBLCvVZPHtftn-UXpF6Ba1jt4mq7pZm4ZZw'
could not convert string to float: 'fbl'
could not convert string to float: 'n'
could not convert string to float: '68.ARCAOP7V-NYUr7VMD814p3K82a9acCB8vYdbRrSM3LzURjXD18MbR8zXMCSF3-yPM5iIKFFk-tTTdg4jkhs3gPhiMyEKknVBVHu0N4n9wOMkwkw8tCp1nNA9NwIO--G0ce4FRQRj65bqARmpWr8JjNLuNyxoTX3LqFDHB0qCpJdD2lek8IOnDQ6vD0Oh7Qk0QOW4Hl922S7bgpOufOa5R46v6SI8uCEZSxyRM74l4qEJLlhzrY6UqjJLReiQ0ML5hSHzkd-SpAezdk-xsKlaZ-xq8hRESiBAIPQVMjLkLKaBwHdOccidTLdgPy-4Ng5plbdt8VpcGHtKLJQ'
could not convert string to float: 'ufi'
could not convert string to float: '-R'
could not convert string to float: '-R'
could not convert string to float: 'World%20Health%20Organisation%20protocol%20%26%20procedure%20of%20lockdown%20periods%20'
could not convert string to float: 'ufi'
could not convert string to float: '68.ARDQK5XKIrW1hBBZL23o-mHedcaoAdUQU80IN9BStL512MuYKSzb6p4GFCKJXdvFDHY-tyeXguEMOxPOqOzQu3HbWofLfFdMjgB1HuMxSOmf6aJSjRa7OfBMBQ7EiQ6LLTmXbA3zUPMfWZWyZdZdZwqktp5DsmNd9HoGOfaCAfj5hXmTgpBA9Dfl9wajrMOvLHW9-wf7Fo76gkBMWdMMGhvxbtsEt1GGhQrqPvuMMkL1VA1BkIkJCE475x8yjr7I2HORJnmeKZqY3yYj-1uYOL7M5NE3XwpmdKfM05jve6KvYkQgWpg694koft5TpoVjjIvL-nz9NsTUo'
could not convert string to float: '68.ARDQK5XKIrW1hBBZL23o-mHedcaoAdUQU80IN9BStL512MuYKSzb6p4GFCKJXdvFDHY-tyeXguEMOxPOqOzQu3HbWofLfFdMjgB1HuMxSOmf6aJSjRa7OfBMBQ7EiQ6LLTmXbA3zUPMfWZWyZdZdZwqktp5DsmNd9HoGOfaCAfj5hXmTgpBA9Dfl9wajrMOvLHW9-wf7Fo76gkBMWdMMGhvxbtsEt1GGhQrqPvuMMkL1VA1BkIkJCE475x8yjr7I2HORJnmeKZqY3yYj-1uYOL7M5NE3XwpmdKfM05jve6KvYkQgWpg694koft5TpoVjjIvL-nz9NsTUo'
could not convert string to float: 'AZVwTiJpqnmYvP-jgcbo6o89KKqin0x9TvPN2M4HoRJiP2E54pgg1N1mpmTDEvzWf2nlItx5K-5SaBkhn3wBHUjJGru7dQ2tEOb2cWUdBVXLlB6wTSHm0zlR4UQ09Deo05pLynnBlXVZtgdwn3r'
could not convert string to float: 'World%20Health%20Organisation%20protocol%20%26%20procedure%20of%20lockdown%20periods%20'
could not convert string to float: 'n'
could not convert string to float: '3088693314508960/'
could not convert string to float: '1393023877546984/'
could not convert string to float: '3024577217574149/'
could not convert string to float: 'pageinternal'
could not convert string to float: '-R'
could not convert string to float: '-R'
could not convert string to float: '2664275410468706/'
could not convert string to float: '-R'
could not convert string to float: '68.ARCLgRTiTLVPmOCaG5ZVqxgi31tO1-mN8plwgXLahysMg4Nd1BWJCUmSaraSuzcvBAe3r90Ou6EeieHWQ12uBkPBvjYaejCyzYiYcBJuDDghA9Fk0pzSEd0-BYUrM1cUdcsbqv2XBmQT7cu9dos64WbSH-4vk1HagH5azTbhYcKSu4xuK7YDLWSE6PcX55INZrDbTEY9VnaDDdoRtpS4cSt7KawwsJqxbd-iUMOy8Fu8YwGocioJGJTSHnfmxS89uq1YsDNWWJlSGANu7HkK8mzMgIKgvme9ShV14--TKXIMdCe3smw4mSk8rV62NHza2yS8alBcIgg9INCJgHp4'
could not convert string to float: '3082881491764124/'
could not convert string to float: '3230951083581749/'
could not convert string to float: '902309613499893/'
could not convert string to float: '1890368597867750/'
could not convert string to float: '68.ARAZ3strzIDf6M5iQUA6QK0gEqo3mKb6xIgoHzl-0TSxPAjYeGjwTy2UgF6xbPMBZ6dbubcWgWxPy7R8DBaoRWAHVoOhA0wVSbJBiMUYB661Y0UU1X5A67cZWkk9qfHfAixLNymZqY9kWY8DdEKLYGDzjtSJTiblfCxqJcU1hGxnz-qm97qoU8l50jxkCgnsbVl2lz2s5mBdZ-2e2ozmNQduVoO3P7Qsqlz5rmMMb0nYV3yOGqj2EeB7jJL9pyzKjTQ-kC4YbaoX015uWXZPFLv2m6AQ9Z5DQMYI35j1uvyCgq0sECmt4yX1pv8XtIBNMCAJEWzgKmEWtpC9x1CVKh'
could not convert string to float: '1093812994160473/'
could not convert string to float: '10157594576418393/'
could not convert string to float: 'H-R'
could not convert string to float: '68.ARCiVqebxFly1TIFcd9fJ0xczki3T2xzFycVsJYCSe41NcCtscp6K5zr4H9qkRHnCmB1AiYBgU3GIPFvcXe25gBQzWnuRt8mdP0a7e8onRkEZ4gn7dcuVHi2cuRXbYipdN7TcallNGJODC6HSE7tLZbmyntX9OKcLoKvX43m0zW4ktuFpr-Y6WTItl-kr6TStKMIOUaYiKaf4aAt3sWS2azc1Lu6l0L0ZvkoE7YIeQkvoSALEbanXvSEl7Rx12g5ojHE6OE8cIRcyWxojfsMhes3EtgMW8ERfpUDdxqOBHDbK3v-b6E2b9RCP6Z-atEgbf3nIS31orZ9mMSGdNICQ'
could not convert string to float: '903505543417918/'
could not convert string to float: '68.ARDZVzcbHa-giXrFH7-juzjYGab3s29XhnotAMPD25gUDxHimXsy2DREgRstjQVD9aCNdLkaIHpa7XeobfhA3k6UoCk8KQHna-JNz-APlxARALTTyYivDO5wPkWSRT66Uz5V3ZwtTyrcU4wIPtxHrbtIYtXBGY5q-Hx6YxYj4iZycdkNbJJocgAM1ZMor98txHoFp-mOtWAugWxVjFn-Agk6w9vjRxHC01r9KIbLUmxyIMXK4NIfeTaMfDokA0ufzs8yWUSpxENSmf5kBlj-3ni0932ufgYproZPs6BvLdgTntIhtt4t-st4e8rKZzWJTxLjvYLyZ2l2x0RQNc'
could not convert string to float: '68.ARDMMpYvBxK2PAhxMZPYepuaSujKGB0L0PaMLiEILvxd46O8M3L7sEavYNU8uzh3KvSnEtDwkZhbXNng5MNrH4J93pXJU85rqR9Tz3uTFkbQ8SqQpIyX2Upgkiwy2QELHeIAlziUogCadMjbIgVahbEhrZaaauEcAscb9sbzYwmwcTntjAB0ZwtlyceUDL7XN4zQFMW-mT-grVg-YM2nOsIgSiPCNaaD-gYkLuVfVfaZ54GFjTdJ7oUXKygOHLFgUe-hTfuHDIsOq0v7aKBLOzCzZuEKh5RsmwmuNIPW-UhiQF7Pm2cWLEW6UrXNh0dtJceZCprARuAsatZue2mw'
could not convert string to float: '68.ARDMMpYvBxK2PAhxMZPYepuaSujKGB0L0PaMLiEILvxd46O8M3L7sEavYNU8uzh3KvSnEtDwkZhbXNng5MNrH4J93pXJU85rqR9Tz3uTFkbQ8SqQpIyX2Upgkiwy2QELHeIAlziUogCadMjbIgVahbEhrZaaauEcAscb9sbzYwmwcTntjAB0ZwtlyceUDL7XN4zQFMW-mT-grVg-YM2nOsIgSiPCNaaD-gYkLuVfVfaZ54GFjTdJ7oUXKygOHLFgUe-hTfuHDIsOq0v7aKBLOzCzZuEKh5RsmwmuNIPW-UhiQF7Pm2cWLEW6UrXNh0dtJceZCprARuAsatZue2mw'
could not convert string to float: '68.ARDjt4LRfKVo0D8A3wTVRL8uEKtRWA4c0UD-9DmtywM1xW-EhdlReCzTiVa8WGVj37HOg0Ft67mGqkpScz3v86knEnMeYRdvQ2njh6y-Fkk0cy2hvBxqNqVLQ4bYkMF2WJBPTGASCByZObg9o8yKzAToAennd5ises4hH4FtM2zpknNatVtx7d7MsPkJoWKUDAxjdF0WP88ItRUd6QVfN07dvUFwHkyGikJGSUYtd6o4xlU8XRnomVtrFbdOFBDJpErHZgYm8786jXgETO4soG9YUBTsaB0i0dYejZGiAQnObEGcMWM4KOxNSRX4cXyd-VAF1CR98R7kCf9zUwiuNXKg'
could not convert string to float: 'AZUc9RSn0By58WHWkWEWQg2awGOwv3TPg72esHCQtd09YzdPW2-U9Gru2X14UY7mzROJlKGHpO8l438UhJRZjYJKcl5Bpz5NrYFryscX7cwVgjwSCfZaabtQp7FPI9TubRbVOGx4gPucIK8rlRW5d6toNv6QbZuaeE-NffxijPXwAS13BRKAODXEI-0HQ'
could not convert string to float: 'AZVyvxwYUcqvKhwZGcm4vRkfllDoVB-QUDPRn3xQokuD46lpBQoet4WCw4paIHUT74UOLhtW3ZhOY5EfMgtOm0tLE6XpOwKgttiiiTuPA8W5IMGb8gTk1jZSDafREP8fiSd9sHHROF93sHwAzZNssLRuRiWqDxzClxrlW6dwIDv9qguyOnCeQXerukrT9YVM'
could not convert string to float: 'AZVCXnp-Yev9ZiD0V6BgWn4bpNGqpPK1OERQcSVDTSYO2Q1qB3BgINgxJw-Wz0gGome1Sf0jxYTiQIryfA3iv0LUBaa-vOZhLP3UQnvlWnu1F7UDlKCsrjpYeOUei9c0mTYEPWjXcHkrL6l5-Gt2955ymR9x0gNKGNJfwH8A'
could not convert string to float: 'AZU46HHywBnrx3eC-Aea3mf8-qXwCg90TgmJWkSaTwLdDIPDYSB7EClHs1oWlyhEJgeeX2J1DjhyNyFAxUe61x9ru9v1uzv71M7UBORkcsLqmIfmOigfoLZHZM2Xvh0p9e8v1mv91d9IenAR6kRbJIf4d6RzQVm8cYrTf7aMPJVA'
could not convert string to float: 'H-R'
Total Errors: 47]