[
could not convert string to float: '68.ARBzi4uhqAhWTC9brZqWFhul7jqPO9H8J4hVa4cs12vD3exEyb5rkbrXQdQskvWN-98fx6qYDJe61KRNBsvsW0RPSJRpsEbS9yQtmrBRr7Ixo6eBgQqjlQjPXpzmro5Pnsv25FS5XiGkNLdlvGjdVKjPpwHzqHEwHVoRiHbmBrpZYX6JlCbMkqVQvjXwMuq1qTBQpdoS-gVqu-D-ahPGKmjvCdlnprS66PXwTzig4qs1x8E0bnhBrGSJEqbA-yXAodhqwc5x0p8A7nOIbyk4pY5F5sBdXQdT0XBTdbIq8gDjMVFWDJ57hlHcOObVf8sbd8WZOzJ4Yslg-2g'
could not convert string to float: 'AZU6et6lGUYGpLP1BZs09Qei96YS0VygfTOGllDB4GOJ02x6g47VtZMe14D9LSNco221Gek7FepmMDx9dXO0gtcVKxEYPKbUCuZl1Jx1-LAsvYIKBYghFo0FyXYxmVDWZMLiAFw1BLJQvV4CuXpC6'
could not convert string to float: 'm'
could not convert string to float: 'm'
could not convert string to float: 'all-three-of-my-children-are-fully-vaccinated-vaccines-work-and-when-fewer-peopl/2585399605016954/'
could not convert string to float: '1647969382019701/'
could not convert string to float: 'AZVui9fPlgRT4zkQ3uZD7epot8wXyHqwQ3CB-n4O9LM17h5xDnoyg39mr5oJz6OeH1lvCi9zkhfxA7UP3HXwd6h1XT0V3ZOsLLYcrWLk4U5-ky4p589grXIXuT5OdqkXcQkjehldmPZrJUCzDjnQ4'
could not convert string to float: 'AZUwQzJKo-qibaKLudEMuG8MmXsb99APQeAbkdqJWnZJrHaQEi4wsF-HCg3VNBRyaT5mQn1SgEkNhUZxbVnqu36FxUOjBKKm64NZDn73R00cKkqY0ubpxQIrv14X1zpzMYpHXr0M99JY62BHr6UTM'
could not convert string to float: 'AZWyPzCRG6r1K-tDXDXwXc41rNdSvzPnaUPIAhKmOwyyebu5vEOdbYklZdWiwTrOvjGr2QNWlL48jK-lMdPGvjyJ64PwyfZcg-bsaP7SSaw77Q0RzH0tD2HPLzo8SXoEYfqVfUNI-rxtZRWGxF0'
could not convert string to float: '68.ARB5aaWL4N6pEjiU2S8fWJSkxPE1POQEEgD4vIHF33GC-CJT6wInQIA-SLr9nQz3vURVzccA2elApL0b2o4spGNQebthjQYMCuvaLuvEFpZD26XOdYkVaGFOa-6B6Bsl1Zfv3D7PZatVwQcybTT84uur09rYgMi1hqr2YWzbIhrUDNsBlszH-lbx4lBie524WevC3vUpMCTFEXJHRMTT4GXbiNVcnGx0HdgJqSD9k-4n-E6kCi462EroEzA4N30qG2QRtLNjcZN-3GwqurATeB8XDgc7Ao0ML5HTge3qfVSL-hWpuQA'
could not convert string to float: 'AZUhZeMXtnrMhSkvtrmHEcRsstqSRUwSG7LZXe8PWaJlswVWBvBC7LqgKa3LFKQau3MHXlPo-CP-tTYPDVprv5Z9NDYucFYkaRqpsXn78vENbM25LoheSjTXgzu4b0gFYBaEgWJ9TsEx4l7a56YOuncgePZps137R-5koBxE5XQnuw'
could not convert string to float: '%2CO*F'
could not convert string to float: '4193895837294507/'
could not convert string to float: '4193895837294507/'
could not convert string to float: '4193895837294507/'
could not convert string to float: '792549277834402/'
could not convert string to float: 'AZWasMsehXAxARKFgletuqtQQqI6QwZJu5jowZwf3gDpQPkJjgQWRoGMHjVYGgd3r6dn6nr6BbhJ-IkLd2GRqy97XPkmU7KfoJtNdzVpPsDXWI0W9gGJ8U7auQu3iu5Ac'
could not convert string to float: 'AZWasMsehXAxARKFgletuqtQQqI6QwZJu5jowZwf3gDpQPkJjgQWRoGMHjVYGgd3r6dn6nr6BbhJ-IkLd2GRqy97XPkmU7KfoJtNdzVpPsDXWI0W9gGJ8U7auQu3iu5Ac'
could not convert string to float: 'AZUmLF0wENyCucCLDa8DG92GMPwOw3Q6bONlljqXMQADpGxqMvfbMTrj8TJ8Yn5yF1utAeG-5w1oel7lBjzWWui8RgMTImtQXjHdMftOU5dYzQQFgdGvXa8JFowhJacvEulBUAZJ837OAPrBcmOWbbBsqihHqsA8SBgficybDOw'
could not convert string to float: '2791813494433926/'
could not convert string to float: 'AZWbl2wxg1ooAlkHoYVS1OTaqSPZOP-P5D8QwuZyvyj4f-GTD5toLhiJL6pbrh0rBQEeCyKg1nNlzrOF5gkSw8gXOVpz63Llg0TKOSknJ3lIIywRTTjAccBx8J7HiFD91Uo6nzWXvdgogPPwBWJ-6p6un5KTcuA2KoAkrhfVo0pmsq6l9SPqjviZGQe1nqVIfiA'
could not convert string to float: 'all-three-of-my-children-are-fully-vaccinated-vaccines-work-and-when-fewer-peopl/2585399605016954/'
could not convert string to float: '%2CO*F'
Total Errors: 23]