[
could not convert string to float: 'AZV1yCyEMIfSiLVy3-cHf-Jiu-Tz3l0ahxjzjAmV3Vt0YDmEzMaqNvBjPAFXBvtBohffCxT8vUaupp5B4ZGpiN2vZMLku9bDBX3u2NkQvxmWkspo0p2KAuR5rjlC8dG7Sx-2-rQ53O3mWOsXUTC8'
could not convert string to float: 'all-three-of-my-children-are-fully-vaccinated-vaccines-work-and-when-fewer-peopl/2585399605016954/'
could not convert string to float: '3585884628129223/'
could not convert string to float: 'what-is-the-general-process-in-tagging-covid-19-recoverieslearn-more-on-the-foll/3620849754592917/'
could not convert string to float: 'look-doh-covid-19-case-bulletin-155as-of-4pm-today-august-16-2020-the-department/3602665439744682/'
could not convert string to float: 'heads-up-this-is-to-inform-the-public-that-on-sunday-16-august-2020-another-batc/3593616673982892/'
could not convert string to float: 'heads-up-this-is-to-inform-the-public-that-on-sunday-16-august-2020-another-batc/3593616673982892/'
could not convert string to float: 'what-is-the-general-process-in-tagging-covid-19-recoverieslearn-more-on-the-foll/3620849754592917/'
could not convert string to float: 'look-doh-covid-19-case-bulletin-155as-of-4pm-today-august-16-2020-the-department/3602665439744682/'
could not convert string to float: '68.ARCQKaxf604J4X2U2DUj2ROm0c5PbvmUENT9VOSXB73PA5lmluDP5LjEQQQIHd9S6-QC7VM-iuWGyTRzArBAU5Xow3Ve0-fQaU8rU6P-7VFnJJhGVgrMrZMRWfNYKRWrhiGvGybVg-x4kOJh9w3eIl22zd5JQRM5a8aL14FV76VzaIVn3kfWryQBSgAbaz8gmCSWNLGlisxwiDEjOTEfyAs9wNuSElSzET22Uist4gtZFhJVafYddqBDkN6ZJj9IikQ8FgtGRC2usblko6KdSUwICab9zq2ou2MwKAVMfpaNrTuW2EpsINppY0KQwkS8aDYT1-depSfWuSpt-DRg'
could not convert string to float: '68.ARCQKaxf604J4X2U2DUj2ROm0c5PbvmUENT9VOSXB73PA5lmluDP5LjEQQQIHd9S6-QC7VM-iuWGyTRzArBAU5Xow3Ve0-fQaU8rU6P-7VFnJJhGVgrMrZMRWfNYKRWrhiGvGybVg-x4kOJh9w3eIl22zd5JQRM5a8aL14FV76VzaIVn3kfWryQBSgAbaz8gmCSWNLGlisxwiDEjOTEfyAs9wNuSElSzET22Uist4gtZFhJVafYddqBDkN6ZJj9IikQ8FgtGRC2usblko6KdSUwICab9zq2ou2MwKAVMfpaNrTuW2EpsINppY0KQwkS8aDYT1-depSfWuSpt-DRg'
could not convert string to float: 'AZWaQXG-BjDO9U2PRZUimx1Ppeh3olJ4wsaRPU09ddMufYSpu0vXgqqxgayPSiB4UVC-NAsmcdjyZUCawMMn6fA8PCUzRwiEcbqtE4XsjbnS8dGVJvoMoQaKeY7GyuF3fXRGHudxyNZvwm1Euj2frGDe7dKy-DiJgHjxJAsnqJT4I0Av-27BQBOG7uMFBPJynrKQQeSF9TPQFKmWeGRMW'
could not convert string to float: 'fact-covid-19-is-caused-by-a-virus-not-a-bacteria-antibiotics-do-not-work-agains/3230833286962032/'
could not convert string to float: 'AZWos7aMZtQCvRU1Hkdj5L9StUIVzKbLYirWryttsCBH5jcegx9R73sj7uDh6pdyT0FOp3gTKljoh7btpeWvP8KKL2qQ1FdL5ORtHuGkzrVSjBCZVWOxrwKQOWlhov8pKk'
could not convert string to float: '68.ARAAIPcwiwclKyFjAIKVnjDwffWpBZZNHbXNqbHLKj57jUk8qMxjup5BisaxC0KYpmJLRDE6mWSOwy-j8z41lJGW3vzUhKKVkrUprK8QMdqwf8Yv7119YaEXHRW74gSLQe6fdRz906Pmjo5XKs7NZ1k3f7ipNRnO-tNZdsuTM4t7LXJkr0qLjmlPfdbSA3LDJOuhZ8by-d9xeMrfQzfMkeiHFzKVtJ65mHnjZRGZgusjAGaba4fYW4Dzzqvzlxa6JDPA1n4s2AWwjzOEIwF1VPgKeUQuJj89aUx24D6UnjnudXhqZrT3MsULdmQwb2ZHZqJnX9IfR8stxH9Q'
could not convert string to float: '68.ARAAIPcwiwclKyFjAIKVnjDwffWpBZZNHbXNqbHLKj57jUk8qMxjup5BisaxC0KYpmJLRDE6mWSOwy-j8z41lJGW3vzUhKKVkrUprK8QMdqwf8Yv7119YaEXHRW74gSLQe6fdRz906Pmjo5XKs7NZ1k3f7ipNRnO-tNZdsuTM4t7LXJkr0qLjmlPfdbSA3LDJOuhZ8by-d9xeMrfQzfMkeiHFzKVtJ65mHnjZRGZgusjAGaba4fYW4Dzzqvzlxa6JDPA1n4s2AWwjzOEIwF1VPgKeUQuJj89aUx24D6UnjnudXhqZrT3MsULdmQwb2ZHZqJnX9IfR8stxH9Q'
could not convert string to float: '2.34348713.901980317.1600150543-1013414858.1597027482'
could not convert string to float: '1433713353504474/'
could not convert string to float: 'AZU6QXKpgUUar2SqXQpP67XgHzaxgxYLhfE4Z0k2s3yaPNU0kZwpoTDCA4U1u0QX26s89iUnihkXoEXljdqX9pc4Px4lQHMbgRnqDS9a80q0UsoRB3Ff8KzXsf5fMsIRq1XUDEqdvojH8WPLQZfms1Iyet1JH1mSZ4RAqoGUQj6YJQ'
could not convert string to float: 'pageinternal'
could not convert string to float: 'pageinternal'
could not convert string to float: 'AZUBMrkHRsQlwLvBJ1WJbaaTPsf6nWvf7i7IuAE-AHikgZMawu-LzmadxA4dE92TVNHDFu004sFB8IrrgYziDnJdnqHSJLf73U7Rt2FunZ1D-UHKsArMv8lGKy9ZiZsC6Ap83Xs5gtAQX0dr0jo-TYDAwzucFQQIc-gBdxwftoK3g'
Total Errors: 22]