[
could not convert string to float: '68.ARAgAYZ6-3VZClgjvy01wpSZ9xm2ChnycbsFvl1ARZx7fYfvTUw6MzrljyaArY9d16mg0YSh8GhCC94u-PRU4EMc9yMVW1d2ezPw9abDluq8hD2pPQlYB5Nt9U-D-iGzer7mPQ0L4MiIX8qItb0bIMSZNbJWG8s1yDEVcnezSk0mgjgwK7XaDNBgBqeHDHOV0WC0vqAvOE6Fo2wNokR3yfawpcyhmVfUQWw41jOycd3vYxUa4FSFEetdoXsRim-d2j767N2f9AjyRDV9nQhAz3CFbqx3LRebbceySAVYBb-UPIpvubSwSpvIU5D-lFRkjycZwu46nVsGmr6NDDA'
could not convert string to float: 'AZUBMrkHRsQlwLvBJ1WJbaaTPsf6nWvf7i7IuAE-AHikgZMawu-LzmadxA4dE92TVNHDFu004sFB8IrrgYziDnJdnqHSJLf73U7Rt2FunZ1D-UHKsArMv8lGKy9ZiZsC6Ap83Xs5gtAQX0dr0jo-TYDAwzucFQQIc-gBdxwftoK3g'
could not convert string to float: 'q-can-gargling-mouthwash-protect-you-from-infection-with-the-2019-ncova-no-there/2899762696735761/'
could not convert string to float: 'AZWL9U1HdnHLUnJQZsdXi7B6In2rx8n3DnU7ABuGV5Q8fPv9rP2GKhiIyKIS6EvEIbF5pp0o6Ran9bqXWtlV480UPEoJdBN-PR6zeEcep-9sh8cSwouoIcoUlmmxzlv4kk'
could not convert string to float: 'pageinternal'
could not convert string to float: 'pageinternal'
could not convert string to float: 'look-list-of-authorized-persons-outside-residence-apor-under-enhanced-community-/3838773056163922/'
could not convert string to float: '-R'
could not convert string to float: 'AZULp3bDkkiGWUq76Z8RYEB4x2zcJpzwnvFvq6SqHDxkLAEbd1raacT88f4vZPX58v3gM7aU3CLMYf2qd8UqYf-j9lVilNvWj-sHBo5VhoYehxLjU4Wr7kbOT9shHVdwU'
could not convert string to float: 'AZVedLWSRbEd4ytI-uGaqWFtVhAxURboKRIXYgasAcDcoteHkqkIZpp93PcqcM1n6VpIAvDkgMLiAFNc6sbu1RpXqM37g5DFkLWYk5XUxTX5FjyvfokjNnpQ5VIA3P1GEbVq8aUVxTrU2Viea7QaUe14'
could not convert string to float: '%E0%A4%89%E0%A4%A4%E0%A5%8D%E0%A4%A4%E0%A4%B0%20%E0%A4%AA%E0%A5%8D%E0%A4%B0%E0%A4%A6%E0%A5%87%E0%A4%B6%20%E0%A4%95%E0%A5%87%20%E0%A4%AE%E0%A5%81%E0%A4%9C%E0%A4%AB%E0%A5%8D%E0%A4%AB%E0%A4%B0%E0%A4%A8%E0%A4%97%E0%A4%B0%20%E0%A4%AE%E0%A5%87%20%E0%A4%97%E0%A4%B0%E0%A5%8D%E0%A4%97%20%E0%A4%B9%E0%A4%BE%E0%A4%B8%E0%A5%8D%E0%A4%AA%E0%A5%80%E0%A4%9F%E0%A4%B2%20%E0%A4%95%E0%A5%8B%E0%A4%B0%E0%A5%8B%E0%A4%A8%E0%A4%BE%20%E0%A4%AE%E0%A4%B0%E0%A5%80%E0%A4%9C%20%E0%A4%B8%E0%A5%87%20%E0%A4%97%E0%A5%81%E0%A4%B0%E0%A5%8D%E0%A4%A6%E0%A5%87%20%E0%A4%A8%E0%A4%BF%E0%A4%95%E0%A4%BE%E0%A4%B2%20'
could not convert string to float: 'AZVsW0VYKrqVqnPoYgb7UWibYPwHSpZjBJxp-iTP1b1eyUaHfrX8ACGeMMxnOa48FGwnNP6D9u-1f1F0wxMTBtL9pYnjxgdN93pvLgPrsEaa9CH1GRUe817T9Rd5HIOrqi3rm-ySr8Fk64iTQcvyLut'
could not convert string to float: 'AZVsW0VYKrqVqnPoYgb7UWibYPwHSpZjBJxp-iTP1b1eyUaHfrX8ACGeMMxnOa48FGwnNP6D9u-1f1F0wxMTBtL9pYnjxgdN93pvLgPrsEaa9CH1GRUe817T9Rd5HIOrqi3rm-ySr8Fk64iTQcvyLut'
could not convert string to float: 'Finally%20a%20INDIAN%20student%20from%20PONDICHERRY%20university%2C%20named%20RAMU%20%20found%20a%20home%20remedy%20cure%20for%20Covid-19%20which%20is%20for%20the%20very%20first%20time%20accepted%20by%20WHO.'
could not convert string to float: 'Finally%20a%20INDIAN%20student%20from%20PONDICHERRY%20university%2C%20named%20RAMU%20%20found%20a%20home%20remedy%20cure%20for%20Covid-19%20which%20is%20for%20the%20very%20first%20time%20accepted%20by%20WHO.'
could not convert string to float: '68.ARDtCfjzTLMlYRywIDPcZqzxLZA8-q6-BBZQqFyxbXcwUe0VJrb01Otsr7sSASS0BGdqgcLdwtERZuWJqq6JiENgcstZz-KHmcrtp-qHyI8LWWLWcP5Kpq38eIZicxOZERJByPpFmU8W38bqcJGEySwruVocw2OYs3MFy4DmiGbu0rXpJMcXw37qfWsglSazf6SiKSgn2N3VW2atBFeA10GP5Pn2ly8mxYLTGMS6u0sCa9XcVwmgGfw42Pt9cHKTSk4EV3gCY-ridrmWHYUDgAQcZeAWhZNoL1W964q2DBmHRB8RDtlPlIhHLl-UKeA'
could not convert string to float: 'fbl'
could not convert string to float: 'n'
could not convert string to float: '155416092756027\ufeff'
could not convert string to float: 'K-R'
could not convert string to float: '68.ARBDshIGWmLKHFuryXDf7XuqbnjdfHqZ1JGaT8YywtFxnPwRIgZEwO7omzUQh2WHDL22PmKvPZ8HuB2JBAUIse32vy7ZxSIW7JVfJJRe3oYaBix7vXONyzuQkg8RoyNtLy6NxEUXT5FZ6nsu0tzw8hJA0TrHsYHXxjzH5WsnHSomL5OiKLuNWbPkyIpDga7sgzQthwJ9zIr7YKXy1TKVEFss45QWoz8TKl-JVduTPkRdHDH17QVwIcGEAjzgzrsS9XSW0NX5xsG0Ij0AHn0dE5uqEU76IUQRLSENaUZY8ygQ3ZVUfoi065JVzxQo3APUrJdp1FuAQ7ehN-LK15Zvg'
could not convert string to float: '68.ARBDshIGWmLKHFuryXDf7XuqbnjdfHqZ1JGaT8YywtFxnPwRIgZEwO7omzUQh2WHDL22PmKvPZ8HuB2JBAUIse32vy7ZxSIW7JVfJJRe3oYaBix7vXONyzuQkg8RoyNtLy6NxEUXT5FZ6nsu0tzw8hJA0TrHsYHXxjzH5WsnHSomL5OiKLuNWbPkyIpDga7sgzQthwJ9zIr7YKXy1TKVEFss45QWoz8TKl-JVduTPkRdHDH17QVwIcGEAjzgzrsS9XSW0NX5xsG0Ij0AHn0dE5uqEU76IUQRLSENaUZY8ygQ3ZVUfoi065JVzxQo3APUrJdp1FuAQ7ehN-LK15Zvg'
could not convert string to float: 'scwspwa'
could not convert string to float: '68.ARBlavXFZgkWWlD9yW6jlV7qp32GAFnB2hkykrtcXnUFy-0c3aOViXa27yHaY-5bkXlJ0XZ0oogUHAnqvKpRVni3U84Ms0wXBE7wZ0Ii7xFHDsF-m8ogp1dBgO0VfyQ-Ry5JiRYqYfAvXHsMaUudhm2fMM8EE6S0fz-TLTze3ifj26AZkW48XDj4QORn1NjzRexl-pm2xE3CwXgMIu6mRcXiqb-Hbs0sTkV4BzYG2GU9CQ1S6MeHdZ181O2r-COijo1W8sGYBeyg7SKT8hFwulOD6mJzrjosUe50tAZUKmYIu5DlPtgO8LciiE3WcL-RLynVyZN2LqaGL0FWtWkog'
could not convert string to float: '-R'
could not convert string to float: '68.ARBJjXVOTdKtWjIFfFPp8gsjdmwEoqHmtJxLgAtWxF43ODf5C31GDuEGVAUSjiTsShAd-61M6iOSML9y0ZAaq0MpyiuBYT2gG1Eer4OnCOtFjZs7gaiFyjgkX5qxurM0XKGUcS1UvFBTRrah46Dm-9IzSmWov3OygM7vivHCyBOrcIi6B29njDBEYiWshXDqhvawd63kStllCgbrQT8V1erhffyDfuzJaneWT-pc7pLWzK6OhEd0802B2SiSbVyJEI3I96MbZO8yvBsNA3vhJVXaooRPfkLYq6JnmZNgpHJ-MNPPQMlDSL7RryuqKUo4vz-Ilk4'
could not convert string to float: '-R'
could not convert string to float: '68.ARDucQS8mAq6kMSx6fn78uQ77OJncgMAUaer87cuMBX5ELuVrqhXoU0MJ98QKIt0AVmwm2XL-QzQoQYikcfMvzgpMiktz4rT3HwFN7ZXT5uedeGJpRcgl6IWqvh8b97V-WqHVwGLEIgpfRAbqRSuUs0yOEvVUVD5A7Q3Vx0uvP9VYJH5yxjlVlY1QT0xnQiesCyIjVwYG4hfSWngaaRUi2jykPCmiBPdQD9fFN274Jxdu5GfSqLj1G3wsuuHCG6a0Mj72W0AU8ZjrXC4ekqfhCPZcgl6qKnr8vuCvq1fFkClEtfeDWhF8dSpbMZXhYBjQlWQ6tp-HyF1I9ZwwIaSt'
Total Errors: 28]