[
could not convert string to float: 'ufi'
could not convert string to float: '68.ARC7ZXKgsjaO38WHOnmfo7QDdkUPNpU4qV1VpihwSW0a6rQgTPox5RtC5NsNY-isD8-vQ-lwe00xaDCEZNsc-GkqwlCwDt0sZoELiEc6uSfcCcMJuR3Db1ADMtEwfBDu50ZK69FH94GUX4Isp99IWifXBni1706IVpjenew1wyHmJbLnrM98PbqPnn9YCOW10RdIp3Wydo4m25A1oyuCBke8Y7xsSzFk27X9uzXVNV0LSvpXMJLMGOmCFvidw7iRLBMJypY6mPPQsXJG0hH4IcKMOnNNKIevL2hcFE1H7qQjOq7ncV-jh-eA4opLJxat-ANPyKqjNQd4KZdKoE'
could not convert string to float: '68.ARBzNqxaRudHaTeAPRWi26W1MqoyJYi7PFCXCpaYZdhFLMg7WpdCPCJ2txrFNvycY7u7DIxW3wQTImHB39DHUbC8kU8ArTTTw4IQL2Ryv-yMQ3Blu9UzRCP95TTUl3cNVQhfYjmTW2Du5Xa2hy4-nrFzMaGLd8AnPRsIR33gWy6RpWteJNCZRdQIZf26CwPOBVYmkrYc9rqzEEi9mJIxZbNuJkgm5l0YK1oKgfZ86qYX8eoosim2H6zhy72Pbcw6mHaauUXTaQLDL7v7yNiPLBtG7ZlvhkhC1xiWfH7V2kYv1GtOEX7zCAUnDUlQ'
could not convert string to float: 'ufi'
could not convert string to float: 'ufi'
could not convert string to float: 'ufi'
could not convert string to float: '286185779430572/'
could not convert string to float: '1647969382019701/'
could not convert string to float: '1238726633185168/'
could not convert string to float: 'K-R'
could not convert string to float: '2655960461349828/'
could not convert string to float: '2654465808165960/'
could not convert string to float: '2654201401525734/'
could not convert string to float: '2652360835043124/'
could not convert string to float: '2651752958437245/'
could not convert string to float: '-R'
could not convert string to float: '-R'
could not convert string to float: '68.ARB2mItcGQoSvm3Iep41fvjRWUhSXMQwi7BxOX7nFN5dcmqIIcZCWQ3zLj5Lun5BQ9k9TFG1oLwRSUIdu63pimc07P3nNIDVKHR9QhZcXMZUyiqytS5MWPZY9LS1cHl65-ROdQZ8udPU6xuplWTMXLOe2WPhkxDWG4R2yoPOekfNHMzfSNM2m185tYxP85g0rzS9GJ3ipgLnNb-Tukf7YHUIig1wc5Df8x78daL0JoTcDSUi3rVPDqBH2hcezG4j8s47W1AcOaCJ933-t4I6Cq9vhz-VS3PTcqLcDDsWQz7H4PKom2tDty93j3Vv9qD7PNUgrnRDHy6-7Gq4vd-6AWpDWPBSW0GZwTnDtDdGyxBG8ilcpAZX0o23chlqnnYDD7RTh7qTCO0RjXjIBi5pDwSqv4SKjp2qDX5IUnIUo56MMnSphQVEvl9EPFfiuglttQL3sh9rMZ0Mtf6ZOit9u3RMZ2MpnfywWg6Dh-Fs4o32ioa9Tangef9pKlFsFrk'
could not convert string to float: '-R'
could not convert string to float: '68.ARDkWNHkZ3pQqQdnoDJJB-090ZXXpRWwPlLcRzEC3TynSKOw-G36oAHWUM3bnNKm68OVMfO5AJy35N1K3jnctgy24fmhh86ZWH8sJvOE7QSuSRunzAJfhuMlArcQ-wwCVbgOHEl1DrDu4U95HwWfBMk0WBjQFJeJzX3ieuE9dhUfhDTQQAXJUsE0KS2AOH9Y8V9aGdtxe5CXSWSjEHLlknxN32gqZnbqWyg5o7yhiPAlo9Lx5CAgy0k6D-gMM105vaXfnEuCUD8HQu1ZlUOBIfRA47rSLXfph-d2LDNn0BGz1d1bHezwD-0znTSONSaU1erup-Dhkr6XY'
could not convert string to float: '1610210879130346/'
could not convert string to float: '1610210879130346/'
could not convert string to float: 'H-R'
could not convert string to float: 'H-R'
could not convert string to float: 'H-R'
could not convert string to float: '2986793744708246/'
could not convert string to float: '2983555338425405/'
could not convert string to float: '244479526980906/'
could not convert string to float: '2438282669796874/'
could not convert string to float: '68.ARDDXTIqMj3Lp3RNR7l1Fm1wReeKYFhgMEoujjom69iE5AzkItd6sXd7i-2VvT3GeRuoBolbR9dwrezpoYnPXkDTJ71QWimVo7xKjsT5bS2eXWYYlt9-nSepC7fIXIDVsXizp4Z-rfIHmizN1-G8pKgFOljqTT5p6YABOkCfqb7KmrjKseDcdvg8Rhwx1yLNogqYlvYgIjWKSrgJUjFpjT0CkYAQlowHlKk5zMWZ1uLf31zB3FOVSlngFWVnq12f8EPi1pVogxCzwHoWecS7efnfvBWoyLV7BCnFXmQW1xs9iUJjqwSN7G01XNFnhYxBY3fk3kMDi7sUMrxZDpnEpY7'
could not convert string to float: '68.ARDDXTIqMj3Lp3RNR7l1Fm1wReeKYFhgMEoujjom69iE5AzkItd6sXd7i-2VvT3GeRuoBolbR9dwrezpoYnPXkDTJ71QWimVo7xKjsT5bS2eXWYYlt9-nSepC7fIXIDVsXizp4Z-rfIHmizN1-G8pKgFOljqTT5p6YABOkCfqb7KmrjKseDcdvg8Rhwx1yLNogqYlvYgIjWKSrgJUjFpjT0CkYAQlowHlKk5zMWZ1uLf31zB3FOVSlngFWVnq12f8EPi1pVogxCzwHoWecS7efnfvBWoyLV7BCnFXmQW1xs9iUJjqwSN7G01XNFnhYxBY3fk3kMDi7sUMrxZDpnEpY7'
could not convert string to float: '3120308458110305/'
could not convert string to float: 'AZXkYAw9dZ3s4RRPGJ8OVzdAHUwmvaBHMZ411LVTx5pHMZ-IRK1LUgux5sVu09JnvnUWUejMcfOfY-C2dWdpma6BLSwdNb1FIgGfm5v7Mn6MkbTl9TwcVAbeZPuTJH1CwE0fUSrCmJ86AW6o5FoCUhv-oWo-ckWkGm3lMFaev2Q'
could not convert string to float: '3120308458110305/'
could not convert string to float: '3120308458110305/'
could not convert string to float: 'n'
could not convert string to float: '136142081372954/'
could not convert string to float: '136144654706030/'
could not convert string to float: '3556949877651054/'
could not convert string to float: '3556949877651054/'
could not convert string to float: '121450226186996/'
could not convert string to float: '121448186187200/'
could not convert string to float: 'pageinternal'
could not convert string to float: 'दया%2C%20पता%20लगावो%2C%20ये%20इनोवा%20मे%20सवारी%20करने%20वाले%20श्रमिक%20भारत%20मे%20कहा%20पाए%20जाते%20है'
could not convert string to float: 'e'
could not convert string to float: '%E0%A4%A6%E0%A4%AF%E0%A4%BE%2C%20%E0%A4%AA%E0%A4%A4%E0%A4%BE%20%E0%A4%B2%E0%A4%97%E0%A4%BE%E0%A4%B5%E0%A5%8B%2C%20%E0%A4%AF%E0%A5%87%20%E0%A4%87%E0%A4%A8%E0%A5%8B%E0%A4%B5%E0%A4%BE%20%E0%A4%AE%E0%A5%87%20%E0%A4%B8%E0%A4%B5%E0%A4%BE%E0%A4%B0%E0%A5%80%20%E0%A4%95%E0%A4%B0%E0%A4%A8%E0%A5%87%20%E0%A4%B5%E0%A4%BE%E0%A4%B2%E0%A5%87%20%E0%A4%B6%E0%A5%8D%E0%A4%B0%E0%A4%AE%E0%A4%BF%E0%A4%95%20%E0%A4%AD%E0%A4%BE%E0%A4%B0%E0%A4%A4%20%E0%A4%AE%E0%A5%87%20%E0%A4%95%E0%A4%B9%E0%A4%BE%20%E0%A4%AA%E0%A4%BE%E0%A4%8F%20%E0%A4%9C%E0%A4%BE%E0%A4%A4%E0%A5%87%20%E0%A4%B9%E0%A5%88'
could not convert string to float: '68.ARA9UibQAxX84d5n39sVX1vzipGXiapVu-FdGUqnauivUmXWYDyzC3SVLXoQUAAmcbZGwC453vwYbR004Sz1v660UFcc-g1rk4dP4RnRYbqyU2nZ4y5trteM5sT6JhlYOk0YTMWR3XD6YggN58UU9VV8s8OHeSZm0kZEw-SXqCOHVyNbEFz8CRzMwFYGUu5Hl0ArxCkkDpTKq6x1g5nOCjFzF4c3t99tCnI1daVkzzWKCJyuAGcZ1QDqW6aiuQHRjIy6nxeStIQ9XMFqW-cIZ5Pc2e0Cly0LJROCxIqi5bvHtWHXcLisfChFPkW-T7b36JxeculC3GQuEjD1I0w'
could not convert string to float: '68.ARC94EojCiTKxVAr-QwxzBEMbss19Spaxmj9gHDQ7zx-UV5OYXFGVJoidtksxYYOTl8VY-cneacfK2qTOfxfwZ7IlMw1pf6cQsVuOdT98vGxBMXuSWfBkRWwVqFL2YBNvM9BACGYjzE7s1EIY4L1Qiiu7aMFjh2uYGIyOdCUWjAhGBfK9ix-CmNcRTC2iHVdxLZ9YIvTc1C66rOszSKy8u4TXLLdekzGOv05OgDRytg7Pxp0LWSKh26ZzyoS0JhN9F87dXsIDUo20XXjoJNljMuqibC7mjYxb6mdTsSRfdyNOLiBRuugeBzMMbU3O4TjhblbFXsyi15aub3kkViV7AiZM-sZviosckaI37noaUZRV21Zx8NPgeQIkKIaHos6fnyUgn0oRzm0LcoLEtYupdQFXe8uYonzf3achSVsjur6EuUZG1ga5718cvPXLVhtpZ02VLXWZ2J4GfR6nj8bYWurF2wPHqyTFM9EHvuQNcqlXA6A'
could not convert string to float: '10221089880224366/'
could not convert string to float: '68.ARAlYDFUGiE-4suvoUR8jymsUmI9z49y5TuRxhCOKy24myKbPINY0-tBoJFRWMsIo4YL28kX9piJeDhCH2OsZgGtsxxiqLapTW8oDY1I7re3NJbGxVNhzYbvsSA-umxQo5VAvAHlvO-UpT0bVOEZ9iAdKimCLSe9XiIEPIHDNZj1pY96mJ5MJQRFCAZO3PLudeC2T4TVW7vhKcSBWcNsMbCb-4Fwu5itGwF7nnNc7w6euy2q2ytkYiGWE5CPt1FQ1hE6dKGME4yS86qdbhoTDBTzoasywFXN-YThtHWmel2cSUmmLF2nWgrQy-htTJHzOx93oWaI9T0yw-ERGczGw'
could not convert string to float: '68.ARA8Kyl3XFOOzhlW1nBEAVgV9m2liPyBQok6G28uKHEtzXpfKEHiNy-UXtjaGI5kuCiNo593MCt43i1Hbq7Qw5S0aYZu4RuGpYKfmkr6sNKpQw8mG0yV4ViiveS3nF8jl2qzdz3ATch7lCidHmDIumtT35loS0Zp8jjLqc4o1eiPsxSJ0TEK4FnaeSN6OQ5IaBSUnbJCzpc9wqehpV1Sfkk1qa0RpvJsXc1oLSatjZWYZaNo8j-GeGtFARNVEV4Ckx-HrQLkjqO6gNWWX4ku9Q8WEPFk1jj8UfdnakXHt75otlURReOPy6OQeFaaBavTUlH7QUtMQBRuw2D7g'
could not convert string to float: '68.ARBKDfkRHN4yKUaJAhzW7CpCKVZWlKVURDxinTXY7QhXbrPqS4ffcAn4k2WL1kFag6eX9AVXDcRzS-FbOOaToK-JmAVuAyubA0S7tpSpZGsE7XbyC5mjsZN9NRU2u7I-pKZmtJfQAc5R8Og-s6zm1ujN9y6XOA0TA8LSAJ2x28V0pyCcEXrQGunPNRr4IrqE4o94wzSTZvr706JXinTAkZR-7VtzsBbEa3oKwGFkXiF4ER6aie-BOTY2ruf5R3v7WqImRatd1pwoMvAiTshbwAKP1QPxR1Fg5WszuM1vvL815ik9QR-tp-nI33VEjJyw'
could not convert string to float: 'pageinternal'
could not convert string to float: 'pageinternal'
could not convert string to float: 'pageinternal'
could not convert string to float: '156323279236355/'
could not convert string to float: '156323279236355/'
could not convert string to float: '156323279236355/'
Total Errors: 58]